[0.134s] Invoking command in '/home/rospc/robot_mobile_ihm/build/robot_mobile_pkg_cpp': CMAKE_PREFIX_PATH=${CMAKE_PREFIX_PATH}:/opt/ros/humble /usr/bin/cmake --build /home/rospc/robot_mobile_ihm/build/robot_mobile_pkg_cpp -- -j8 -l8
[0.184s] [ 20%] [34m[1mAutomatic MOC and UIC for target my_node_ihm[0m
[0.521s] [ 20%] Built target my_node_ihm_autogen
[0.538s] [35m[1mConsolidate compiler generated dependencies of target my_node_ihm[0m
[0.567s] [ 40%] [32mBuilding CXX object CMakeFiles/my_node_ihm.dir/my_node_ihm_autogen/mocs_compilation.cpp.o[0m
[0.567s] [ 60%] [32mBuilding CXX object CMakeFiles/my_node_ihm.dir/src/my_node.cpp.o[0m
[0.568s] [ 80%] [32mBuilding CXX object CMakeFiles/my_node_ihm.dir/src/mainwindow.cpp.o[0m
[4.354s] [01m[K/home/rospc/robot_mobile_ihm/src/robot_mobile_pkg_cpp/src/mainwindow.cpp:[m[K In member function â€˜[01m[Kvoid MainWindow::on_horizontalSlider_Speed_valueChanged(int)[m[Kâ€™:
[4.354s] [01m[K/home/rospc/robot_mobile_ihm/src/robot_mobile_pkg_cpp/src/mainwindow.cpp:185:11:[m[K [01;31m[Kerror: [m[Kâ€˜[01m[Kclass Ui::Form[m[Kâ€™ has no member named â€˜[01m[KlcdNumber_Speed[m[Kâ€™
[4.355s]   185 |     (*ui).[01;31m[KlcdNumber_Speed[m[K->display(value);
[4.355s]       |           [01;31m[K^~~~~~~~~~~~~~~[m[K
[7.327s] gmake[2]: *** [CMakeFiles/my_node_ihm.dir/build.make:104 : CMakeFiles/my_node_ihm.dir/src/mainwindow.cpp.o] Erreur 1
[7.327s] gmake[1]: *** [CMakeFiles/Makefile2:138 : CMakeFiles/my_node_ihm.dir/all] Erreur 2
[7.328s] gmake: *** [Makefile:146 : all] Erreur 2
[7.330s] Invoked command in '/home/rospc/robot_mobile_ihm/build/robot_mobile_pkg_cpp' returned '2': CMAKE_PREFIX_PATH=${CMAKE_PREFIX_PATH}:/opt/ros/humble /usr/bin/cmake --build /home/rospc/robot_mobile_ihm/build/robot_mobile_pkg_cpp -- -j8 -l8
