[0.133s] Invoking command in '/home/rospc/robot_mobile_ihm/build/robot_mobile_pkg_cpp': CMAKE_PREFIX_PATH=${CMAKE_PREFIX_PATH}:/opt/ros/humble /usr/bin/cmake --build /home/rospc/robot_mobile_ihm/build/robot_mobile_pkg_cpp -- -j8 -l8
[0.158s] -- Found ament_cmake: 1.3.5 (/opt/ros/humble/share/ament_cmake/cmake)
[0.306s] -- Found rclcpp: 16.0.6 (/opt/ros/humble/share/rclcpp/cmake)
[0.339s] -- Found rosidl_generator_c: 3.1.5 (/opt/ros/humble/share/rosidl_generator_c/cmake)
[0.342s] -- Found rosidl_adapter: 3.1.5 (/opt/ros/humble/share/rosidl_adapter/cmake)
[0.352s] -- Found rosidl_generator_cpp: 3.1.5 (/opt/ros/humble/share/rosidl_generator_cpp/cmake)
[0.365s] -- Using all available rosidl_typesupport_c: rosidl_typesupport_fastrtps_c;rosidl_typesupport_introspection_c
[0.382s] -- Using all available rosidl_typesupport_cpp: rosidl_typesupport_fastrtps_cpp;rosidl_typesupport_introspection_cpp
[0.447s] -- Found rmw_implementation_cmake: 6.1.1 (/opt/ros/humble/share/rmw_implementation_cmake/cmake)
[0.449s] -- Found rmw_fastrtps_cpp: 6.2.4 (/opt/ros/humble/share/rmw_fastrtps_cpp/cmake)
[0.573s] -- Using RMW implementation 'rmw_fastrtps_cpp' as default
[0.756s] -- Found sensor_msgs: 4.2.3 (/opt/ros/humble/share/sensor_msgs/cmake)
[0.976s] -- Configuring done
[1.016s] -- Generating done
[1.019s] -- Build files have been written to: /home/rospc/robot_mobile_ihm/build/robot_mobile_pkg_cpp
[1.058s] [ 22%] [34m[1mAutomatic MOC and UIC for target my_node_ihm[0m
[1.058s] [ 22%] [34m[1mAutomatic MOC and UIC for target my_img_pub_node[0m
[1.079s] [ 22%] Built target my_node_ihm_autogen
[1.088s] [ 22%] Built target my_img_pub_node_autogen
[1.093s] [35m[1mConsolidate compiler generated dependencies of target my_node_ihm[0m
[1.099s] [35m[1mConsolidate compiler generated dependencies of target my_img_pub_node[0m
[1.110s] [ 44%] [32mBuilding CXX object CMakeFiles/my_img_pub_node.dir/src/img_pub_node.cpp.o[0m
[1.110s] [ 44%] [32mBuilding CXX object CMakeFiles/my_img_pub_node.dir/my_img_pub_node_autogen/mocs_compilation.cpp.o[0m
[1.129s] [ 55%] [32mBuilding CXX object CMakeFiles/my_node_ihm.dir/src/mainwindow.cpp.o[0m
[1.130s] [ 66%] [32mBuilding CXX object CMakeFiles/my_node_ihm.dir/my_node_ihm_autogen/mocs_compilation.cpp.o[0m
[1.131s] [ 77%] [32mBuilding CXX object CMakeFiles/my_node_ihm.dir/src/my_node.cpp.o[0m
[3.871s] [01m[K/home/rospc/robot_mobile_ihm/src/robot_mobile_pkg_cpp/src/img_pub_node.cpp:30:5:[m[K [01;31m[Kerror: [m[Kâ€˜[01m[Krclcpp[m[Kâ€™ does not name a type
[3.872s]    30 |     [01;31m[Krclcpp[m[K:ublisher<sensor_msgs::msg::Image>::SharedPtr publisher_;
[3.872s]       |     [01;31m[K^~~~~~[m[K
[3.879s] [01m[K/home/rospc/robot_mobile_ihm/src/robot_mobile_pkg_cpp/src/img_pub_node.cpp:[m[K In constructor â€˜[01m[KImagePublisher::ImagePublisher()[m[Kâ€™:
[3.879s] [01m[K/home/rospc/robot_mobile_ihm/src/robot_mobile_pkg_cpp/src/img_pub_node.cpp:7:9:[m[K [01;31m[Kerror: [m[Kâ€˜[01m[Kpublisher_[m[Kâ€™ was not declared in this scope; did you mean â€˜[01m[Krmw_publisher_t[m[Kâ€™?
[3.879s]     7 |         [01;31m[Kpublisher_[m[K = create_publisher<sensor_msgs::msg::Image>("IMAGE_frame", 10);
[3.879s]       |         [01;31m[K^~~~~~~~~~[m[K
[3.879s]       |         [32m[Krmw_publisher_t[m[K
[3.902s] [01m[K/home/rospc/robot_mobile_ihm/src/robot_mobile_pkg_cpp/src/img_pub_node.cpp:[m[K In member function â€˜[01m[Kvoid ImagePublisher::publishImage()[m[Kâ€™:
[3.902s] [01m[K/home/rospc/robot_mobile_ihm/src/robot_mobile_pkg_cpp/src/img_pub_node.cpp:27:9:[m[K [01;31m[Kerror: [m[Kâ€˜[01m[Kpublisher_[m[Kâ€™ was not declared in this scope; did you mean â€˜[01m[Krmw_publisher_t[m[Kâ€™?
[3.902s]    27 |         [01;31m[Kpublisher_[m[K->publish(message);
[3.902s]       |         [01;31m[K^~~~~~~~~~[m[K
[3.902s]       |         [32m[Krmw_publisher_t[m[K
[5.010s] gmake[2]: *** [CMakeFiles/my_img_pub_node.dir/build.make:90 : CMakeFiles/my_img_pub_node.dir/src/img_pub_node.cpp.o] Erreur 1
[5.010s] gmake[1]: *** [CMakeFiles/Makefile2:141 : CMakeFiles/my_img_pub_node.dir/all] Erreur 2
[5.011s] gmake[1]: *** Attente des tÃ¢ches non terminÃ©es....
[16.705s] [ 88%] [32m[1mLinking CXX executable my_node_ihm[0m
[17.983s] [ 88%] Built target my_node_ihm
[17.984s] gmake: *** [Makefile:146 : all] Erreur 2
[17.987s] Invoked command in '/home/rospc/robot_mobile_ihm/build/robot_mobile_pkg_cpp' returned '2': CMAKE_PREFIX_PATH=${CMAKE_PREFIX_PATH}:/opt/ros/humble /usr/bin/cmake --build /home/rospc/robot_mobile_ihm/build/robot_mobile_pkg_cpp -- -j8 -l8
