[0.129s] Invoking command in '/home/rospc/robot_mobile_ihm/build/robot_mobile_pkg_cpp': CMAKE_PREFIX_PATH=${CMAKE_PREFIX_PATH}:/opt/ros/humble /usr/bin/cmake --build /home/rospc/robot_mobile_ihm/build/robot_mobile_pkg_cpp -- -j8 -l8
[0.153s] -- Found ament_cmake: 1.3.5 (/opt/ros/humble/share/ament_cmake/cmake)
[0.299s] -- Found rclcpp: 16.0.6 (/opt/ros/humble/share/rclcpp/cmake)
[0.330s] -- Found rosidl_generator_c: 3.1.5 (/opt/ros/humble/share/rosidl_generator_c/cmake)
[0.333s] -- Found rosidl_adapter: 3.1.5 (/opt/ros/humble/share/rosidl_adapter/cmake)
[0.339s] -- Found rosidl_generator_cpp: 3.1.5 (/opt/ros/humble/share/rosidl_generator_cpp/cmake)
[0.351s] -- Using all available rosidl_typesupport_c: rosidl_typesupport_fastrtps_c;rosidl_typesupport_introspection_c
[0.369s] -- Using all available rosidl_typesupport_cpp: rosidl_typesupport_fastrtps_cpp;rosidl_typesupport_introspection_cpp
[0.433s] -- Found rmw_implementation_cmake: 6.1.1 (/opt/ros/humble/share/rmw_implementation_cmake/cmake)
[0.434s] -- Found rmw_fastrtps_cpp: 6.2.4 (/opt/ros/humble/share/rmw_fastrtps_cpp/cmake)
[0.558s] -- Using RMW implementation 'rmw_fastrtps_cpp' as default
[0.743s] -- Found sensor_msgs: 4.2.3 (/opt/ros/humble/share/sensor_msgs/cmake)
[0.888s] -- Found cv_bridge: 3.2.1 (/opt/ros/humble/share/cv_bridge/cmake)
[0.907s] -- Found OpenCV: /usr (found version "4.5.4") 
[0.983s] -- Configuring done
[1.021s] -- Generating done
[1.023s] -- Build files have been written to: /home/rospc/robot_mobile_ihm/build/robot_mobile_pkg_cpp
[1.060s] [ 22%] [34m[1mAutomatic MOC and UIC for target my_node_ihm[0m
[1.060s] [ 22%] [34m[1mAutomatic MOC and UIC for target my_img_pub_node[0m
[1.082s] [ 22%] Built target my_node_ihm_autogen
[1.090s] [ 22%] Built target my_img_pub_node_autogen
[1.094s] [35m[1mConsolidate compiler generated dependencies of target my_node_ihm[0m
[1.101s] [35m[1mConsolidate compiler generated dependencies of target my_img_pub_node[0m
[1.120s] [ 33%] [32mBuilding CXX object CMakeFiles/my_img_pub_node.dir/my_img_pub_node_autogen/mocs_compilation.cpp.o[0m
[1.122s] [ 44%] [32mBuilding CXX object CMakeFiles/my_img_pub_node.dir/src/img_pub_node.cpp.o[0m
[1.123s] [ 88%] Built target my_node_ihm
[4.746s] [01m[K/home/rospc/robot_mobile_ihm/src/robot_mobile_pkg_cpp/src/img_pub_node.cpp:[m[K In member function â€˜[01m[Kvoid ImagePublisher::publishImage()[m[Kâ€™:
[4.746s] [01m[K/home/rospc/robot_mobile_ihm/src/robot_mobile_pkg_cpp/src/img_pub_node.cpp:30:79:[m[K [01;31m[Kerror: [m[Kno match for â€˜[01m[Koperator*[m[Kâ€™ (operand type is â€˜[01m[Ksensor_msgs::msg::Image_<std::allocator<void> >[m[Kâ€™)
[4.746s]    30 |         cv_bridge::CvImage(std_msgs::msg::Header(), "bgr8", image).toImageMsg([01;31m[K*message[m[K);
[4.746s]       |                                                                               [01;31m[K^~~~~~~~[m[K
[4.747s] In file included from [01m[K/usr/include/opencv4/opencv2/core/cvstd.inl.hpp:47[m[K,
[4.747s]                  from [01m[K/usr/include/opencv4/opencv2/core.hpp:3306[m[K,
[4.747s]                  from [01m[K/usr/include/opencv4/opencv2/core/core.hpp:48[m[K,
[4.747s]                  from [01m[K/opt/ros/humble/include/cv_bridge/cv_bridge/cv_bridge.h:43[m[K,
[4.747s]                  from [01m[K/home/rospc/robot_mobile_ihm/src/robot_mobile_pkg_cpp/src/img_pub_node.cpp:3[m[K:
[4.747s] [01m[K/usr/include/c++/11/complex:392:5:[m[K [01;36m[Knote: [m[Kcandidate: â€˜[01m[Ktemplate<class _Tp> std::complex<_Tp> std::operator*(const std::complex<_Tp>&, const std::complex<_Tp>&)[m[Kâ€™
[4.747s]   392 |     [01;36m[Koperator[m[K*(const complex<_Tp>& __x, const complex<_Tp>& __y)
[4.747s]       |     [01;36m[K^~~~~~~~[m[K
[4.747s] [01m[K/usr/include/c++/11/complex:392:5:[m[K [01;36m[Knote: [m[K  template argument deduction/substitution failed:
[4.747s] [01m[K/home/rospc/robot_mobile_ihm/src/robot_mobile_pkg_cpp/src/img_pub_node.cpp:30:80:[m[K [01;36m[Knote: [m[K  â€˜[01m[Ksensor_msgs::msg::Image_<std::allocator<void> >[m[Kâ€™ is not derived from â€˜[01m[Kconst std::complex<_Tp>[m[Kâ€™
[4.747s]    30 |         cv_bridge::CvImage(std_msgs::msg::Header(), "bgr8", image).toImageMsg(*[01;36m[Kmessage[m[K);
[4.747s]       |                                                                                [01;36m[K^~~~~~~[m[K
[4.747s] In file included from [01m[K/usr/include/opencv4/opencv2/core/cvstd.inl.hpp:47[m[K,
[4.747s]                  from [01m[K/usr/include/opencv4/opencv2/core.hpp:3306[m[K,
[4.747s]                  from [01m[K/usr/include/opencv4/opencv2/core/core.hpp:48[m[K,
[4.748s]                  from [01m[K/opt/ros/humble/include/cv_bridge/cv_bridge/cv_bridge.h:43[m[K,
[4.748s]                  from [01m[K/home/rospc/robot_mobile_ihm/src/robot_mobile_pkg_cpp/src/img_pub_node.cpp:3[m[K:
[4.748s] [01m[K/usr/include/c++/11/complex:401:5:[m[K [01;36m[Knote: [m[Kcandidate: â€˜[01m[Ktemplate<class _Tp> std::complex<_Tp> std::operator*(const std::complex<_Tp>&, const _Tp&)[m[Kâ€™
[4.748s]   401 |     [01;36m[Koperator[m[K*(const complex<_Tp>& __x, const _Tp& __y)
[4.748s]       |     [01;36m[K^~~~~~~~[m[K
[4.748s] [01m[K/usr/include/c++/11/complex:401:5:[m[K [01;36m[Knote: [m[K  template argument deduction/substitution failed:
[4.748s] [01m[K/home/rospc/robot_mobile_ihm/src/robot_mobile_pkg_cpp/src/img_pub_node.cpp:30:80:[m[K [01;36m[Knote: [m[K  â€˜[01m[Ksensor_msgs::msg::Image_<std::allocator<void> >[m[Kâ€™ is not derived from â€˜[01m[Kconst std::complex<_Tp>[m[Kâ€™
[4.748s]    30 |         cv_bridge::CvImage(std_msgs::msg::Header(), "bgr8", image).toImageMsg(*[01;36m[Kmessage[m[K);
[4.748s]       |                                                                                [01;36m[K^~~~~~~[m[K
[4.748s] In file included from [01m[K/usr/include/opencv4/opencv2/core/cvstd.inl.hpp:47[m[K,
[4.748s]                  from [01m[K/usr/include/opencv4/opencv2/core.hpp:3306[m[K,
[4.748s]                  from [01m[K/usr/include/opencv4/opencv2/core/core.hpp:48[m[K,
[4.748s]                  from [01m[K/opt/ros/humble/include/cv_bridge/cv_bridge/cv_bridge.h:43[m[K,
[4.748s]                  from [01m[K/home/rospc/robot_mobile_ihm/src/robot_mobile_pkg_cpp/src/img_pub_node.cpp:3[m[K:
[4.748s] [01m[K/usr/include/c++/11/complex:410:5:[m[K [01;36m[Knote: [m[Kcandidate: â€˜[01m[Ktemplate<class _Tp> std::complex<_Tp> std::operator*(const _Tp&, const std::complex<_Tp>&)[m[Kâ€™
[4.748s]   410 |     [01;36m[Koperator[m[K*(const _Tp& __x, const complex<_Tp>& __y)
[4.749s]       |     [01;36m[K^~~~~~~~[m[K
[4.749s] [01m[K/usr/include/c++/11/complex:410:5:[m[K [01;36m[Knote: [m[K  template argument deduction/substitution failed:
[4.749s] [01m[K/home/rospc/robot_mobile_ihm/src/robot_mobile_pkg_cpp/src/img_pub_node.cpp:30:80:[m[K [01;36m[Knote: [m[K  candidate expects 2 arguments, 1 provided
[4.749s]    30 |         cv_bridge::CvImage(std_msgs::msg::Header(), "bgr8", image).toImageMsg(*[01;36m[Kmessage[m[K);
[4.749s]       |                                                                                [01;36m[K^~~~~~~[m[K
[5.997s] gmake[2]: *** [CMakeFiles/my_img_pub_node.dir/build.make:90 : CMakeFiles/my_img_pub_node.dir/src/img_pub_node.cpp.o] Erreur 1
[5.997s] gmake[1]: *** [CMakeFiles/Makefile2:141 : CMakeFiles/my_img_pub_node.dir/all] Erreur 2
[5.998s] gmake: *** [Makefile:146 : all] Erreur 2
[6.000s] Invoked command in '/home/rospc/robot_mobile_ihm/build/robot_mobile_pkg_cpp' returned '2': CMAKE_PREFIX_PATH=${CMAKE_PREFIX_PATH}:/opt/ros/humble /usr/bin/cmake --build /home/rospc/robot_mobile_ihm/build/robot_mobile_pkg_cpp -- -j8 -l8
