[0.274s] Invoking command in '/home/dony/ROS_ROBOT_PROJECT/robot_mobile_ihm/build/robot_mobile_pkg_cpp': CMAKE_PREFIX_PATH=${CMAKE_PREFIX_PATH}:/home/dony/ROS_UDEMY/ros2_ws/install/my_py_pkg:/home/dony/ROS_UDEMY/ros2_ws/install/activity_002_py:/opt/ros/humble /usr/bin/cmake --build /home/dony/ROS_ROBOT_PROJECT/robot_mobile_ihm/build/robot_mobile_pkg_cpp -- -j2 -l2
[0.398s] [ 20%] [34m[1mAutomatic MOC and UIC for target my_node_ihm[0m
[1.087s] [ 20%] Built target my_node_ihm_autogen
[1.161s] [35m[1mConsolidate compiler generated dependencies of target my_node_ihm[0m
[1.313s] [ 40%] [32mBuilding CXX object CMakeFiles/my_node_ihm.dir/my_node_ihm_autogen/mocs_compilation.cpp.o[0m
[1.325s] [ 60%] [32mBuilding CXX object CMakeFiles/my_node_ihm.dir/src/my_node.cpp.o[0m
[20.161s] [ 80%] [32mBuilding CXX object CMakeFiles/my_node_ihm.dir/src/mainwindow.cpp.o[0m
[32.245s] In file included from [01m[K/opt/ros/humble/include/rclcpp/rclcpp/client.hpp:40[m[K,
[32.245s]                  from [01m[K/opt/ros/humble/include/rclcpp/rclcpp/callback_group.hpp:24[m[K,
[32.245s]                  from [01m[K/opt/ros/humble/include/rclcpp/rclcpp/any_executable.hpp:20[m[K,
[32.246s]                  from [01m[K/opt/ros/humble/include/rclcpp/rclcpp/memory_strategy.hpp:25[m[K,
[32.246s]                  from [01m[K/opt/ros/humble/include/rclcpp/rclcpp/memory_strategies.hpp:18[m[K,
[32.246s]                  from [01m[K/opt/ros/humble/include/rclcpp/rclcpp/executor_options.hpp:20[m[K,
[32.246s]                  from [01m[K/opt/ros/humble/include/rclcpp/rclcpp/executor.hpp:37[m[K,
[32.246s]                  from [01m[K/opt/ros/humble/include/rclcpp/rclcpp/executors/multi_threaded_executor.hpp:25[m[K,
[32.246s]                  from [01m[K/opt/ros/humble/include/rclcpp/rclcpp/executors.hpp:21[m[K,
[32.247s]                  from [01m[K/opt/ros/humble/include/rclcpp/rclcpp/rclcpp.hpp:155[m[K,
[32.247s]                  from [01m[K/home/dony/ROS_ROBOT_PROJECT/robot_mobile_ihm/src/robot_mobile_pkg_cpp/src/./../include/mainwindow.hpp:11[m[K,
[32.247s]                  from [01m[K/home/dony/ROS_ROBOT_PROJECT/robot_mobile_ihm/src/robot_mobile_pkg_cpp/src/mainwindow.cpp:1[m[K:
[32.247s] [01m[K/home/dony/ROS_ROBOT_PROJECT/robot_mobile_ihm/src/robot_mobile_pkg_cpp/src/mainwindow.cpp:[m[K In constructor â€˜[01m[KMainWindow::MainWindow(QWidget*)[m[Kâ€™:
[32.247s] [01m[K/home/dony/ROS_ROBOT_PROJECT/robot_mobile_ihm/src/robot_mobile_pkg_cpp/src/mainwindow.cpp:41:25:[m[K [01;31m[Kerror: [m[Kâ€˜[01m[Kclass MainWindow[m[Kâ€™ has no member named â€˜[01m[Kgetlogger[m[Kâ€™
[32.247s]    41 |     RCLCPP_INFO(this -> [01;31m[Kgetlogger[m[K(), "Robot Gui Started !");
[32.248s]       |                         [01;31m[K^~~~~~~~~[m[K
[32.248s] [01m[K/home/dony/ROS_ROBOT_PROJECT/robot_mobile_ihm/src/robot_mobile_pkg_cpp/src/mainwindow.cpp:41:25:[m[K [01;31m[Kerror: [m[Kâ€˜[01m[Kclass MainWindow[m[Kâ€™ has no member named â€˜[01m[Kgetlogger[m[Kâ€™
[32.248s] [01m[K/home/dony/ROS_ROBOT_PROJECT/robot_mobile_ihm/src/robot_mobile_pkg_cpp/src/mainwindow.cpp:41:5:[m[K [01;31m[Kerror: [m[Ktemplate argument 1 is invalid
[32.248s]    41 |     [01;31m[KRCLCPP_INFO[m[K(this -> getlogger(), "Robot Gui Started !");
[32.248s]       |     [01;31m[K^~~~~~~~~~~[m[K
[32.253s] [01m[K/home/dony/ROS_ROBOT_PROJECT/robot_mobile_ihm/src/robot_mobile_pkg_cpp/src/mainwindow.cpp:41:5:[m[K [01;31m[Kerror: [m[Kâ€˜[01m[K<declaration error>[m[Kâ€™ is not a template [[01;31m[K]8;;https://gcc.gnu.org/onlinedocs/gcc/Warning-Options.html#index-fpermissive-fpermissive]8;;[m[K]
[32.253s]    41 |     [01;31m[KRCLCPP_INFO[m[K(this -> getlogger(), "Robot Gui Started !");
[32.253s]       |     [01;31m[K^~~~~~~~~~~[m[K
[32.253s] [01m[K/home/dony/ROS_ROBOT_PROJECT/robot_mobile_ihm/src/robot_mobile_pkg_cpp/src/mainwindow.cpp:41:5:[m[K [01;31m[Kerror: [m[Ktemplate argument 1 is invalid
[32.254s]    41 |     [01;31m[KRCLCPP_INFO[m[K(this -> getlogger(), "Robot Gui Started !");
[32.254s]       |     [01;31m[K^~~~~~~~~~~[m[K
[32.254s] [01m[K/home/dony/ROS_ROBOT_PROJECT/robot_mobile_ihm/src/robot_mobile_pkg_cpp/src/mainwindow.cpp:41:5:[m[K [01;31m[Kerror: [m[Kâ€˜[01m[K<declaration error>[m[Kâ€™ is not a template [[01;31m[K]8;;https://gcc.gnu.org/onlinedocs/gcc/Warning-Options.html#index-fpermissive-fpermissive]8;;[m[K]
[32.255s]    41 |     [01;31m[KRCLCPP_INFO[m[K(this -> getlogger(), "Robot Gui Started !");
[32.255s]       |     [01;31m[K^~~~~~~~~~~[m[K
[32.255s] [01m[K/home/dony/ROS_ROBOT_PROJECT/robot_mobile_ihm/src/robot_mobile_pkg_cpp/src/mainwindow.cpp:41:5:[m[K [01;31m[Kerror: [m[Ktemplate argument 1 is invalid
[32.256s]    41 |     [01;31m[KRCLCPP_INFO[m[K(this -> getlogger(), "Robot Gui Started !");
[32.256s]       |     [01;31m[K^~~~~~~~~~~[m[K
[32.256s] In file included from [01m[K/opt/ros/humble/include/rclcpp/rclcpp/logging.hpp:24[m[K,
[32.256s]                  from [01m[K/opt/ros/humble/include/rclcpp/rclcpp/client.hpp:40[m[K,
[32.256s]                  from [01m[K/opt/ros/humble/include/rclcpp/rclcpp/callback_group.hpp:24[m[K,
[32.257s]                  from [01m[K/opt/ros/humble/include/rclcpp/rclcpp/any_executable.hpp:20[m[K,
[32.257s]                  from [01m[K/opt/ros/humble/include/rclcpp/rclcpp/memory_strategy.hpp:25[m[K,
[32.257s]                  from [01m[K/opt/ros/humble/include/rclcpp/rclcpp/memory_strategies.hpp:18[m[K,
[32.257s]                  from [01m[K/opt/ros/humble/include/rclcpp/rclcpp/executor_options.hpp:20[m[K,
[32.257s]                  from [01m[K/opt/ros/humble/include/rclcpp/rclcpp/executor.hpp:37[m[K,
[32.257s]                  from [01m[K/opt/ros/humble/include/rclcpp/rclcpp/executors/multi_threaded_executor.hpp:25[m[K,
[32.258s]                  from [01m[K/opt/ros/humble/include/rclcpp/rclcpp/executors.hpp:21[m[K,
[32.258s]                  from [01m[K/opt/ros/humble/include/rclcpp/rclcpp/rclcpp.hpp:155[m[K,
[32.258s]                  from [01m[K/home/dony/ROS_ROBOT_PROJECT/robot_mobile_ihm/src/robot_mobile_pkg_cpp/src/./../include/mainwindow.hpp:11[m[K,
[32.258s]                  from [01m[K/home/dony/ROS_ROBOT_PROJECT/robot_mobile_ihm/src/robot_mobile_pkg_cpp/src/mainwindow.cpp:1[m[K:
[32.258s] [01m[K/home/dony/ROS_ROBOT_PROJECT/robot_mobile_ihm/src/robot_mobile_pkg_cpp/src/mainwindow.cpp:41:25:[m[K [01;31m[Kerror: [m[Kâ€˜[01m[Kclass MainWindow[m[Kâ€™ has no member named â€˜[01m[Kgetlogger[m[Kâ€™
[32.259s]    41 |     RCLCPP_INFO(this -> [01;31m[Kgetlogger[m[K(), "Robot Gui Started !");
[32.259s]       |                         [01;31m[K^~~~~~~~~[m[K
[32.259s] [01m[K/home/dony/ROS_ROBOT_PROJECT/robot_mobile_ihm/src/robot_mobile_pkg_cpp/src/mainwindow.cpp:41:25:[m[K [01;31m[Kerror: [m[Kâ€˜[01m[Kclass MainWindow[m[Kâ€™ has no member named â€˜[01m[Kgetlogger[m[Kâ€™
[32.260s]    41 |     RCLCPP_INFO(this -> [01;31m[Kgetlogger[m[K(), "Robot Gui Started !");
[32.260s]       |                         [01;31m[K^~~~~~~~~[m[K
[39.736s] gmake[2]: *** [CMakeFiles/my_node_ihm.dir/build.make:104: CMakeFiles/my_node_ihm.dir/src/mainwindow.cpp.o] Error 1
[39.737s] gmake[1]: *** [CMakeFiles/Makefile2:138: CMakeFiles/my_node_ihm.dir/all] Error 2
[39.744s] gmake: *** [Makefile:146: all] Error 2
[39.747s] Invoked command in '/home/dony/ROS_ROBOT_PROJECT/robot_mobile_ihm/build/robot_mobile_pkg_cpp' returned '2': CMAKE_PREFIX_PATH=${CMAKE_PREFIX_PATH}:/home/dony/ROS_UDEMY/ros2_ws/install/my_py_pkg:/home/dony/ROS_UDEMY/ros2_ws/install/activity_002_py:/opt/ros/humble /usr/bin/cmake --build /home/dony/ROS_ROBOT_PROJECT/robot_mobile_ihm/build/robot_mobile_pkg_cpp -- -j2 -l2
