[0.130s] Invoking command in '/home/rospc/robot_mobile_ihm/build/robot_mobile_pkg_cpp': CMAKE_PREFIX_PATH=${CMAKE_PREFIX_PATH}:/opt/ros/humble /usr/bin/cmake --build /home/rospc/robot_mobile_ihm/build/robot_mobile_pkg_cpp -- -j8 -l8
[0.179s] [ 22%] [34m[1mAutomatic MOC and UIC for target my_node_ihm[0m
[0.179s] [ 22%] [34m[1mAutomatic MOC and UIC for target my_img_pub_node[0m
[0.198s] [ 22%] Built target my_img_pub_node_autogen
[0.225s] [ 55%] Built target my_img_pub_node
[0.496s] [ 55%] Built target my_node_ihm_autogen
[0.512s] [35m[1mConsolidate compiler generated dependencies of target my_node_ihm[0m
[0.541s] [ 66%] [32mBuilding CXX object CMakeFiles/my_node_ihm.dir/my_node_ihm_autogen/mocs_compilation.cpp.o[0m
[0.541s] [ 77%] [32mBuilding CXX object CMakeFiles/my_node_ihm.dir/src/my_node.cpp.o[0m
[0.541s] [ 88%] [32mBuilding CXX object CMakeFiles/my_node_ihm.dir/src/mainwindow.cpp.o[0m
[4.444s] [01m[K/home/rospc/robot_mobile_ihm/src/robot_mobile_pkg_cpp/src/mainwindow.cpp:[m[K In member function â€˜[01m[Kvoid MainWindow::rgb_onSliderValueChanged(int)[m[Kâ€™:
[4.444s] [01m[K/home/rospc/robot_mobile_ihm/src/robot_mobile_pkg_cpp/src/mainwindow.cpp:246:30:[m[K [01;31m[Kerror: [m[Kâ€˜[01m[KsenderSlider[m[Kâ€™ was not declared in this scope
[4.444s]   246 |         QString senderName = [01;31m[KsenderSlider[m[K->objectName();
[4.444s]       |                              [01;31m[K^~~~~~~~~~~~[m[K
[4.445s] [01m[K/home/rospc/robot_mobile_ihm/src/robot_mobile_pkg_cpp/src/mainwindow.cpp:241:20:[m[K [01;35m[Kwarning: [m[Kunused variable â€˜[01m[Krgb_low[m[Kâ€™ [[01;35m[K]8;;https://gcc.gnu.org/onlinedocs/gcc/Warning-Options.html#index-Wunused-variable-Wunused-variable]8;;[m[K]
[4.445s]   241 |     static uint8_t [01;35m[Krgb_low[m[K[3];
[4.445s]       |                    [01;35m[K^~~~~~~[m[K
[4.445s] [01m[K/home/rospc/robot_mobile_ihm/src/robot_mobile_pkg_cpp/src/mainwindow.cpp:242:20:[m[K [01;35m[Kwarning: [m[Kunused variable â€˜[01m[Krgb_high[m[Kâ€™ [[01;35m[K]8;;https://gcc.gnu.org/onlinedocs/gcc/Warning-Options.html#index-Wunused-variable-Wunused-variable]8;;[m[K]
[4.446s]   242 |     static uint8_t [01;35m[Krgb_high[m[K[3];
[4.446s]       |                    [01;35m[K^~~~~~~~[m[K
[8.149s] [01m[K/home/rospc/robot_mobile_ihm/src/robot_mobile_pkg_cpp/src/mainwindow.cpp:[m[K At global scope:
[8.150s] [01m[K/home/rospc/robot_mobile_ihm/src/robot_mobile_pkg_cpp/src/mainwindow.cpp:242:20:[m[K [01;35m[Kwarning: [m[Kâ€˜[01m[Krgb_high[m[Kâ€™ defined but not used [[01;35m[K]8;;https://gcc.gnu.org/onlinedocs/gcc/Warning-Options.html#index-Wunused-variable-Wunused-variable]8;;[m[K]
[8.150s] [01m[K/home/rospc/robot_mobile_ihm/src/robot_mobile_pkg_cpp/src/mainwindow.cpp:241:20:[m[K [01;35m[Kwarning: [m[Kâ€˜[01m[Krgb_low[m[Kâ€™ defined but not used [[01;35m[K]8;;https://gcc.gnu.org/onlinedocs/gcc/Warning-Options.html#index-Wunused-variable-Wunused-variable]8;;[m[K]
[8.150s]   241 |     static uint8_t [01;35m[Krgb_low[m[K[3];
[8.150s]       |                    [01;35m[K^~~~~~~[m[K
[8.208s] gmake[2]: *** [CMakeFiles/my_node_ihm.dir/build.make:104 : CMakeFiles/my_node_ihm.dir/src/mainwindow.cpp.o] Erreur 1
[8.208s] gmake[1]: *** [CMakeFiles/Makefile2:167 : CMakeFiles/my_node_ihm.dir/all] Erreur 2
[8.208s] gmake: *** [Makefile:146 : all] Erreur 2
[8.211s] Invoked command in '/home/rospc/robot_mobile_ihm/build/robot_mobile_pkg_cpp' returned '2': CMAKE_PREFIX_PATH=${CMAKE_PREFIX_PATH}:/opt/ros/humble /usr/bin/cmake --build /home/rospc/robot_mobile_ihm/build/robot_mobile_pkg_cpp -- -j8 -l8
