[0.129s] Invoking command in '/home/rospc/robot_mobile_ihm/build/robot_mobile_pkg_cpp': CMAKE_PREFIX_PATH=${CMAKE_PREFIX_PATH}:/opt/ros/humble /usr/bin/cmake --build /home/rospc/robot_mobile_ihm/build/robot_mobile_pkg_cpp -- -j8 -l8
[0.179s] [ 20%] [34m[1mAutomatic MOC and UIC for target my_node_ihm[0m
[0.202s] [ 20%] Built target my_node_ihm_autogen
[0.220s] [35m[1mConsolidate compiler generated dependencies of target my_node_ihm[0m
[0.249s] [ 40%] [32mBuilding CXX object CMakeFiles/my_node_ihm.dir/src/mainwindow.cpp.o[0m
[3.965s] [01m[K/home/rospc/robot_mobile_ihm/src/robot_mobile_pkg_cpp/src/mainwindow.cpp:[m[K In constructor â€˜[01m[KMainWindow::MainWindow(QWidget*)[m[Kâ€™:
[3.965s] [01m[K/home/rospc/robot_mobile_ihm/src/robot_mobile_pkg_cpp/src/mainwindow.cpp:80:25:[m[K [01;31m[Kerror: [m[Kexpression cannot be used as a function
[3.965s]    80 |     [01;31m[K((*ui).graphicsView)(graphicsScene)[m[K;
[3.965s]       |     [01;31m[K~~~~~~~~~~~~~~~~~~~~^~~~~~~~~~~~~~~[m[K
[3.972s] [01m[K/home/rospc/robot_mobile_ihm/src/robot_mobile_pkg_cpp/src/mainwindow.cpp:81:33:[m[K [01;31m[Kerror: [m[Kâ€˜[01m[KgraphicsView[m[Kâ€™ was not declared in this scope; did you mean â€˜[01m[KQGraphicsView[m[Kâ€™?
[3.972s]    81 |     graphicsScene->setSceneRect([01;31m[KgraphicsView[m[K->rect());
[3.972s]       |                                 [01;31m[K^~~~~~~~~~~~[m[K
[3.972s]       |                                 [32m[KQGraphicsView[m[K
[7.897s] gmake[2]: *** [CMakeFiles/my_node_ihm.dir/build.make:104 : CMakeFiles/my_node_ihm.dir/src/mainwindow.cpp.o] Erreur 1
[7.897s] gmake[1]: *** [CMakeFiles/Makefile2:138 : CMakeFiles/my_node_ihm.dir/all] Erreur 2
[7.897s] gmake: *** [Makefile:146 : all] Erreur 2
[7.899s] Invoked command in '/home/rospc/robot_mobile_ihm/build/robot_mobile_pkg_cpp' returned '2': CMAKE_PREFIX_PATH=${CMAKE_PREFIX_PATH}:/opt/ros/humble /usr/bin/cmake --build /home/rospc/robot_mobile_ihm/build/robot_mobile_pkg_cpp -- -j8 -l8
