[01m[K/home/rospc/robot_mobile_ihm/src/robot_mobile_pkg_cpp/src/mainwindow.cpp:8:34:[m[K [01;31m[Kerror: [m[Kâ€˜[01m[KUInt8[m[Kâ€™ is not a member of â€˜[01m[Kstd_msgs::msg[m[Kâ€™
    8 | rclcpp::Publisher<std_msgs::msg::[01;31m[KUInt8[m[K>::SharedPtr publisher_dir;
      |                                  [01;31m[K^~~~~[m[K
[01m[K/home/rospc/robot_mobile_ihm/src/robot_mobile_pkg_cpp/src/mainwindow.cpp:8:39:[m[K [01;31m[Kerror: [m[Ktemplate argument 1 is invalid
    8 | rclcpp::Publisher<std_msgs::msg::UInt8[01;31m[K>[m[K::SharedPtr publisher_dir;
      |                                       [01;31m[K^[m[K
[01m[K/home/rospc/robot_mobile_ihm/src/robot_mobile_pkg_cpp/src/mainwindow.cpp:8:52:[m[K [01;31m[Kerror: [m[Kexpected initializer before â€˜[01m[Kpublisher_dir[m[Kâ€™
    8 | rclcpp::Publisher<std_msgs::msg::UInt8>::SharedPtr [01;31m[Kpublisher_dir[m[K;
      |                                                    [01;31m[K^~~~~~~~~~~~~[m[K
[01m[K/home/rospc/robot_mobile_ihm/src/robot_mobile_pkg_cpp/src/mainwindow.cpp:11:34:[m[K [01;31m[Kerror: [m[Kâ€˜[01m[KUInt8[m[Kâ€™ is not a member of â€˜[01m[Kstd_msgs::msg[m[Kâ€™
   11 | rclcpp::Publisher<std_msgs::msg::[01;31m[KUInt8[m[K>::SharedPtr publisher_mode;
      |                                  [01;31m[K^~~~~[m[K
[01m[K/home/rospc/robot_mobile_ihm/src/robot_mobile_pkg_cpp/src/mainwindow.cpp:11:39:[m[K [01;31m[Kerror: [m[Ktemplate argument 1 is invalid
   11 | rclcpp::Publisher<std_msgs::msg::UInt8[01;31m[K>[m[K::SharedPtr publisher_mode;
      |                                       [01;31m[K^[m[K
[01m[K/home/rospc/robot_mobile_ihm/src/robot_mobile_pkg_cpp/src/mainwindow.cpp:11:52:[m[K [01;31m[Kerror: [m[Kexpected initializer before â€˜[01m[Kpublisher_mode[m[Kâ€™
   11 | rclcpp::Publisher<std_msgs::msg::UInt8>::SharedPtr [01;31m[Kpublisher_mode[m[K;
      |                                                    [01;31m[K^~~~~~~~~~~~~~[m[K
[01m[K/home/rospc/robot_mobile_ihm/src/robot_mobile_pkg_cpp/src/mainwindow.cpp:13:34:[m[K [01;31m[Kerror: [m[Kâ€˜[01m[KUInt8[m[Kâ€™ is not a member of â€˜[01m[Kstd_msgs::msg[m[Kâ€™
   13 | rclcpp::Publisher<std_msgs::msg::[01;31m[KUInt8[m[K>::SharedPtr publisher_speed;
      |                                  [01;31m[K^~~~~[m[K
[01m[K/home/rospc/robot_mobile_ihm/src/robot_mobile_pkg_cpp/src/mainwindow.cpp:13:39:[m[K [01;31m[Kerror: [m[Ktemplate argument 1 is invalid
   13 | rclcpp::Publisher<std_msgs::msg::UInt8[01;31m[K>[m[K::SharedPtr publisher_speed;
      |                                       [01;31m[K^[m[K
[01m[K/home/rospc/robot_mobile_ihm/src/robot_mobile_pkg_cpp/src/mainwindow.cpp:13:52:[m[K [01;31m[Kerror: [m[Kexpected initializer before â€˜[01m[Kpublisher_speed[m[Kâ€™
   13 | rclcpp::Publisher<std_msgs::msg::UInt8>::SharedPtr [01;31m[Kpublisher_speed[m[K;
      |                                                    [01;31m[K^~~~~~~~~~~~~~~[m[K
[01m[K/home/rospc/robot_mobile_ihm/src/robot_mobile_pkg_cpp/src/mainwindow.cpp:[m[K In constructor â€˜[01m[KMainWindow::MainWindow(QWidget*)[m[Kâ€™:
[01m[K/home/rospc/robot_mobile_ihm/src/robot_mobile_pkg_cpp/src/mainwindow.cpp:61:5:[m[K [01;31m[Kerror: [m[Kâ€˜[01m[Kpublisher_dir[m[Kâ€™ was not declared in this scope; did you mean â€˜[01m[Kpublisher_start[m[Kâ€™?
   61 |     [01;31m[Kpublisher_dir[m[K = node->create_publisher<std_msgs::msg::Int32>("direction", 10);
      |     [01;31m[K^~~~~~~~~~~~~[m[K
      |     [32m[Kpublisher_start[m[K
[01m[K/home/rospc/robot_mobile_ihm/src/robot_mobile_pkg_cpp/src/mainwindow.cpp:62:5:[m[K [01;31m[Kerror: [m[Kâ€˜[01m[Kpublisher_mode[m[Kâ€™ was not declared in this scope; did you mean â€˜[01m[Kpublisher_start[m[Kâ€™?
   62 |     [01;31m[Kpublisher_mode[m[K = node->create_publisher<std_msgs::msg::Int32>("mode", 10);
      |     [01;31m[K^~~~~~~~~~~~~~[m[K
      |     [32m[Kpublisher_start[m[K
[01m[K/home/rospc/robot_mobile_ihm/src/robot_mobile_pkg_cpp/src/mainwindow.cpp:63:5:[m[K [01;31m[Kerror: [m[Kâ€˜[01m[Kpublisher_speed[m[Kâ€™ was not declared in this scope; did you mean â€˜[01m[KpublishSpeed[m[Kâ€™?
   63 |     [01;31m[Kpublisher_speed[m[K = node->create_publisher<std_msgs::msg::Int32>("speed", 10);
      |     [01;31m[K^~~~~~~~~~~~~~~[m[K
      |     [32m[KpublishSpeed[m[K
[01m[K/home/rospc/robot_mobile_ihm/src/robot_mobile_pkg_cpp/src/mainwindow.cpp:87:1:[m[K [01;31m[Kerror: [m[Kâ€˜[01m[KUInt8[m[Kâ€™ was not declared in this scope
   87 | [01;31m[KUInt8[m[K
      | [01;31m[K^~~~~[m[K
[01m[K/home/rospc/robot_mobile_ihm/src/robot_mobile_pkg_cpp/src/mainwindow.cpp:[m[K In member function â€˜[01m[Kvoid MainWindow::publishNewsUp()[m[Kâ€™:
[01m[K/home/rospc/robot_mobile_ihm/src/robot_mobile_pkg_cpp/src/mainwindow.cpp:103:5:[m[K [01;31m[Kerror: [m[Kâ€˜[01m[Kpublisher_dir[m[Kâ€™ was not declared in this scope; did you mean â€˜[01m[Kpublisher_start[m[Kâ€™?
  103 |     [01;31m[Kpublisher_dir[m[K->publish(message);
      |     [01;31m[K^~~~~~~~~~~~~[m[K
      |     [32m[Kpublisher_start[m[K
[01m[K/home/rospc/robot_mobile_ihm/src/robot_mobile_pkg_cpp/src/mainwindow.cpp:[m[K In member function â€˜[01m[Kvoid MainWindow::publishNewsDown()[m[Kâ€™:
[01m[K/home/rospc/robot_mobile_ihm/src/robot_mobile_pkg_cpp/src/mainwindow.cpp:115:5:[m[K [01;31m[Kerror: [m[Kâ€˜[01m[Kpublisher_dir[m[Kâ€™ was not declared in this scope; did you mean â€˜[01m[Kpublisher_start[m[Kâ€™?
  115 |     [01;31m[Kpublisher_dir[m[K->publish(message);
      |     [01;31m[K^~~~~~~~~~~~~[m[K
      |     [32m[Kpublisher_start[m[K
[01m[K/home/rospc/robot_mobile_ihm/src/robot_mobile_pkg_cpp/src/mainwindow.cpp:[m[K In member function â€˜[01m[Kvoid MainWindow::publishNewsLeft()[m[Kâ€™:
[01m[K/home/rospc/robot_mobile_ihm/src/robot_mobile_pkg_cpp/src/mainwindow.cpp:127:5:[m[K [01;31m[Kerror: [m[Kâ€˜[01m[Kpublisher_dir[m[Kâ€™ was not declared in this scope; did you mean â€˜[01m[Kpublisher_start[m[Kâ€™?
  127 |     [01;31m[Kpublisher_dir[m[K->publish(message);
      |     [01;31m[K^~~~~~~~~~~~~[m[K
      |     [32m[Kpublisher_start[m[K
[01m[K/home/rospc/robot_mobile_ihm/src/robot_mobile_pkg_cpp/src/mainwindow.cpp:[m[K In member function â€˜[01m[Kvoid MainWindow::publishNewsRight()[m[Kâ€™:
[01m[K/home/rospc/robot_mobile_ihm/src/robot_mobile_pkg_cpp/src/mainwindow.cpp:139:5:[m[K [01;31m[Kerror: [m[Kâ€˜[01m[Kpublisher_dir[m[Kâ€™ was not declared in this scope; did you mean â€˜[01m[Kpublisher_start[m[Kâ€™?
  139 |     [01;31m[Kpublisher_dir[m[K->publish(message);
      |     [01;31m[K^~~~~~~~~~~~~[m[K
      |     [32m[Kpublisher_start[m[K
[01m[K/home/rospc/robot_mobile_ihm/src/robot_mobile_pkg_cpp/src/mainwindow.cpp:[m[K In member function â€˜[01m[Kvoid MainWindow::publishModeAuto()[m[Kâ€™:
[01m[K/home/rospc/robot_mobile_ihm/src/robot_mobile_pkg_cpp/src/mainwindow.cpp:172:5:[m[K [01;31m[Kerror: [m[Kâ€˜[01m[Kpublisher_mode[m[Kâ€™ was not declared in this scope; did you mean â€˜[01m[Kpublisher_start[m[Kâ€™?
  172 |     [01;31m[Kpublisher_mode[m[K->publish(message);
      |     [01;31m[K^~~~~~~~~~~~~~[m[K
      |     [32m[Kpublisher_start[m[K
[01m[K/home/rospc/robot_mobile_ihm/src/robot_mobile_pkg_cpp/src/mainwindow.cpp:[m[K In member function â€˜[01m[Kvoid MainWindow::publishModeMan()[m[Kâ€™:
[01m[K/home/rospc/robot_mobile_ihm/src/robot_mobile_pkg_cpp/src/mainwindow.cpp:200:5:[m[K [01;31m[Kerror: [m[Kâ€˜[01m[Kpublisher_mode[m[Kâ€™ was not declared in this scope; did you mean â€˜[01m[Kpublisher_start[m[Kâ€™?
  200 |     [01;31m[Kpublisher_mode[m[K->publish(message);
      |     [01;31m[K^~~~~~~~~~~~~~[m[K
      |     [32m[Kpublisher_start[m[K
[01m[K/home/rospc/robot_mobile_ihm/src/robot_mobile_pkg_cpp/src/mainwindow.cpp:[m[K In member function â€˜[01m[Kvoid MainWindow::publishModeTrack()[m[Kâ€™:
[01m[K/home/rospc/robot_mobile_ihm/src/robot_mobile_pkg_cpp/src/mainwindow.cpp:227:5:[m[K [01;31m[Kerror: [m[Kâ€˜[01m[Kpublisher_mode[m[Kâ€™ was not declared in this scope; did you mean â€˜[01m[Kpublisher_start[m[Kâ€™?
  227 |     [01;31m[Kpublisher_mode[m[K->publish(message);
      |     [01;31m[K^~~~~~~~~~~~~~[m[K
      |     [32m[Kpublisher_start[m[K
[01m[K/home/rospc/robot_mobile_ihm/src/robot_mobile_pkg_cpp/src/mainwindow.cpp:[m[K In member function â€˜[01m[Kvoid MainWindow::publishSpeed(uint8_t)[m[Kâ€™:
[01m[K/home/rospc/robot_mobile_ihm/src/robot_mobile_pkg_cpp/src/mainwindow.cpp:241:5:[m[K [01;31m[Kerror: [m[Kâ€˜[01m[Kpublisher_speed[m[Kâ€™ was not declared in this scope; did you mean â€˜[01m[KpublishSpeed[m[Kâ€™?
  241 |     [01;31m[Kpublisher_speed[m[K->publish(message);
      |     [01;31m[K^~~~~~~~~~~~~~~[m[K
      |     [32m[KpublishSpeed[m[K
gmake[2]: *** [CMakeFiles/my_node_ihm.dir/build.make:104 : CMakeFiles/my_node_ihm.dir/src/mainwindow.cpp.o] Erreur 1
gmake[1]: *** [CMakeFiles/Makefile2:138 : CMakeFiles/my_node_ihm.dir/all] Erreur 2
gmake: *** [Makefile:146 : all] Erreur 2
