[ 20%] [34m[1mAutomatic MOC and UIC for target my_node_ihm[0m
[ 20%] Built target my_node_ihm_autogen
[ 40%] [32mBuilding CXX object CMakeFiles/my_node_ihm.dir/my_node_ihm_autogen/mocs_compilation.cpp.o[0m
[ 60%] [32mBuilding CXX object CMakeFiles/my_node_ihm.dir/src/my_node.cpp.o[0m
[ 80%] [32mBuilding CXX object CMakeFiles/my_node_ihm.dir/src/mainwindow.cpp.o[0m
[01m[K/home/rospc/robot_mobile_ihm/src/robot_mobile_pkg_cpp/src/mainwindow.cpp:10:34:[m[K [01;31m[Kerror: [m[Kâ€˜[01m[KInt[m[Kâ€™ is not a member of â€˜[01m[Kstd_msgs::msg[m[Kâ€™; did you mean â€˜[01m[KUInt8[m[Kâ€™?
   10 | rclcpp::Publisher<std_msgs::msg::[01;31m[KInt[m[K>::SharedPtr publisher_mode;
      |                                  [01;31m[K^~~[m[K
      |                                  [32m[KUInt8[m[K
[01m[K/home/rospc/robot_mobile_ihm/src/robot_mobile_pkg_cpp/src/mainwindow.cpp:10:37:[m[K [01;31m[Kerror: [m[Ktemplate argument 1 is invalid
   10 | rclcpp::Publisher<std_msgs::msg::Int[01;31m[K>[m[K::SharedPtr publisher_mode;
      |                                     [01;31m[K^[m[K
[01m[K/home/rospc/robot_mobile_ihm/src/robot_mobile_pkg_cpp/src/mainwindow.cpp:10:50:[m[K [01;31m[Kerror: [m[Kexpected initializer before â€˜[01m[Kpublisher_mode[m[Kâ€™
   10 | rclcpp::Publisher<std_msgs::msg::Int>::SharedPtr [01;31m[Kpublisher_mode[m[K;
      |                                                  [01;31m[K^~~~~~~~~~~~~~[m[K
[01m[K/home/rospc/robot_mobile_ihm/src/robot_mobile_pkg_cpp/src/mainwindow.cpp:[m[K In constructor â€˜[01m[KMainWindow::MainWindow(QWidget*)[m[Kâ€™:
[01m[K/home/rospc/robot_mobile_ihm/src/robot_mobile_pkg_cpp/src/mainwindow.cpp:35:5:[m[K [01;31m[Kerror: [m[Kâ€˜[01m[Kpublisher_mode[m[Kâ€™ was not declared in this scope; did you mean â€˜[01m[Kpublisher_dir[m[Kâ€™?
   35 |     [01;31m[Kpublisher_mode[m[K = node->create_publisher<std_msgs::msg::UInt8>("mode", 10);
      |     [01;31m[K^~~~~~~~~~~~~~[m[K
      |     [32m[Kpublisher_dir[m[K
[01m[K/home/rospc/robot_mobile_ihm/src/robot_mobile_pkg_cpp/src/mainwindow.cpp:[m[K In member function â€˜[01m[Kvoid MainWindow::publishModeAuto()[m[Kâ€™:
[01m[K/home/rospc/robot_mobile_ihm/src/robot_mobile_pkg_cpp/src/mainwindow.cpp:126:35:[m[K [01;31m[Kerror: [m[Kâ€˜[01m[KUint8[m[Kâ€™ is not a member of â€˜[01m[Kstd_msgs::msg[m[Kâ€™; did you mean â€˜[01m[KUInt8[m[Kâ€™?
  126 |     auto message = std_msgs::msg::[01;31m[KUint8[m[K();
      |                                   [01;31m[K^~~~~[m[K
      |                                   [32m[KUInt8[m[K
[01m[K/home/rospc/robot_mobile_ihm/src/robot_mobile_pkg_cpp/src/mainwindow.cpp:129:5:[m[K [01;31m[Kerror: [m[Kâ€˜[01m[Kpublisher_mode[m[Kâ€™ was not declared in this scope; did you mean â€˜[01m[Kpublisher_dir[m[Kâ€™?
  129 |     [01;31m[Kpublisher_mode[m[K->publish(message);
      |     [01;31m[K^~~~~~~~~~~~~~[m[K
      |     [32m[Kpublisher_dir[m[K
[01m[K/home/rospc/robot_mobile_ihm/src/robot_mobile_pkg_cpp/src/mainwindow.cpp:[m[K In member function â€˜[01m[Kvoid MainWindow::publishModeMan()[m[Kâ€™:
[01m[K/home/rospc/robot_mobile_ihm/src/robot_mobile_pkg_cpp/src/mainwindow.cpp:141:35:[m[K [01;31m[Kerror: [m[Kâ€˜[01m[KUint8[m[Kâ€™ is not a member of â€˜[01m[Kstd_msgs::msg[m[Kâ€™; did you mean â€˜[01m[KUInt8[m[Kâ€™?
  141 |     auto message = std_msgs::msg::[01;31m[KUint8[m[K();
      |                                   [01;31m[K^~~~~[m[K
      |                                   [32m[KUInt8[m[K
[01m[K/home/rospc/robot_mobile_ihm/src/robot_mobile_pkg_cpp/src/mainwindow.cpp:144:5:[m[K [01;31m[Kerror: [m[Kâ€˜[01m[Kpublisher_mode[m[Kâ€™ was not declared in this scope; did you mean â€˜[01m[Kpublisher_dir[m[Kâ€™?
  144 |     [01;31m[Kpublisher_mode[m[K->publish(message);
      |     [01;31m[K^~~~~~~~~~~~~~[m[K
      |     [32m[Kpublisher_dir[m[K
[01m[K/home/rospc/robot_mobile_ihm/src/robot_mobile_pkg_cpp/src/mainwindow.cpp:[m[K In member function â€˜[01m[Kvoid MainWindow::publishModeTrack()[m[Kâ€™:
[01m[K/home/rospc/robot_mobile_ihm/src/robot_mobile_pkg_cpp/src/mainwindow.cpp:154:35:[m[K [01;31m[Kerror: [m[Kâ€˜[01m[KUint8[m[Kâ€™ is not a member of â€˜[01m[Kstd_msgs::msg[m[Kâ€™; did you mean â€˜[01m[KUInt8[m[Kâ€™?
  154 |     auto message = std_msgs::msg::[01;31m[KUint8[m[K();
      |                                   [01;31m[K^~~~~[m[K
      |                                   [32m[KUInt8[m[K
[01m[K/home/rospc/robot_mobile_ihm/src/robot_mobile_pkg_cpp/src/mainwindow.cpp:157:5:[m[K [01;31m[Kerror: [m[Kâ€˜[01m[Kpublisher_mode[m[Kâ€™ was not declared in this scope; did you mean â€˜[01m[Kpublisher_dir[m[Kâ€™?
  157 |     [01;31m[Kpublisher_mode[m[K->publish(message);
      |     [01;31m[K^~~~~~~~~~~~~~[m[K
      |     [32m[Kpublisher_dir[m[K
gmake[2]: *** [CMakeFiles/my_node_ihm.dir/build.make:104 : CMakeFiles/my_node_ihm.dir/src/mainwindow.cpp.o] Erreur 1
gmake[1]: *** [CMakeFiles/Makefile2:138 : CMakeFiles/my_node_ihm.dir/all] Erreur 2
gmake: *** [Makefile:146 : all] Erreur 2
