[ 20%] [34m[1mAutomatic MOC and UIC for target my_node_ihm[0m
[ 20%] Built target my_node_ihm_autogen
[35m[1mConsolidate compiler generated dependencies of target my_node_ihm[0m
[ 40%] [32mBuilding CXX object CMakeFiles/my_node_ihm.dir/src/mainwindow.cpp.o[0m
[01m[K/home/rospc/robot_mobile_ihm/src/robot_mobile_pkg_cpp/src/mainwindow.cpp:[m[K In member function â€˜[01m[Kvoid MainWindow::publishStart(bool)[m[Kâ€™:
[01m[K/home/rospc/robot_mobile_ihm/src/robot_mobile_pkg_cpp/src/mainwindow.cpp:379:41:[m[K [01;31m[Kerror: [m[Kclass template argument deduction failed:
  379 |     auto message = std_msgs::msg::Bool_([01;31m[K)[m[K;
      |                                         [01;31m[K^[m[K
[01m[K/home/rospc/robot_mobile_ihm/src/robot_mobile_pkg_cpp/src/mainwindow.cpp:379:41:[m[K [01;31m[Kerror: [m[Kno matching function for call to â€˜[01m[KBool_()[m[Kâ€™
In file included from [01m[K/opt/ros/humble/include/std_msgs/std_msgs/msg/bool.hpp:7[m[K,
                 from [01m[K/home/rospc/robot_mobile_ihm/src/robot_mobile_pkg_cpp/src/./../include/mainwindow.hpp:17[m[K,
                 from [01m[K/home/rospc/robot_mobile_ihm/src/robot_mobile_pkg_cpp/src/mainwindow.cpp:1[m[K:
[01m[K/opt/ros/humble/include/std_msgs/std_msgs/msg/detail/bool__struct.hpp:45:12:[m[K [01;36m[Knote: [m[Kcandidate: â€˜[01m[Ktemplate<class ContainerAllocator> Bool_(const ContainerAllocator&, rosidl_runtime_cpp::MessageInitialization)-> std_msgs::msg::Bool_<ContainerAllocator>[m[Kâ€™
   45 |   explicit [01;36m[KBool_[m[K(const ContainerAllocator & _alloc, rosidl_runtime_cpp::MessageInitialization _init = rosidl_runtime_cpp::MessageInitialization::ALL)
      |            [01;36m[K^~~~~[m[K
[01m[K/opt/ros/humble/include/std_msgs/std_msgs/msg/detail/bool__struct.hpp:45:12:[m[K [01;36m[Knote: [m[K  template argument deduction/substitution failed:
[01m[K/home/rospc/robot_mobile_ihm/src/robot_mobile_pkg_cpp/src/mainwindow.cpp:379:41:[m[K [01;36m[Knote: [m[K  candidate expects 2 arguments, 0 provided
  379 |     auto message = std_msgs::msg::Bool_([01;36m[K)[m[K;
      |                                         [01;36m[K^[m[K
In file included from [01m[K/opt/ros/humble/include/std_msgs/std_msgs/msg/bool.hpp:7[m[K,
                 from [01m[K/home/rospc/robot_mobile_ihm/src/robot_mobile_pkg_cpp/src/./../include/mainwindow.hpp:17[m[K,
                 from [01m[K/home/rospc/robot_mobile_ihm/src/robot_mobile_pkg_cpp/src/mainwindow.cpp:1[m[K:
[01m[K/opt/ros/humble/include/std_msgs/std_msgs/msg/detail/bool__struct.hpp:36:12:[m[K [01;36m[Knote: [m[Kcandidate: â€˜[01m[Ktemplate<class ContainerAllocator> Bool_(rosidl_runtime_cpp::MessageInitialization)-> std_msgs::msg::Bool_<ContainerAllocator>[m[Kâ€™
   36 |   explicit [01;36m[KBool_[m[K(rosidl_runtime_cpp::MessageInitialization _init = rosidl_runtime_cpp::MessageInitialization::ALL)
      |            [01;36m[K^~~~~[m[K
[01m[K/opt/ros/humble/include/std_msgs/std_msgs/msg/detail/bool__struct.hpp:36:12:[m[K [01;36m[Knote: [m[K  template argument deduction/substitution failed:
[01m[K/home/rospc/robot_mobile_ihm/src/robot_mobile_pkg_cpp/src/mainwindow.cpp:379:41:[m[K [01;36m[Knote: [m[K  couldnâ€™t deduce template parameter â€˜[01m[KContainerAllocator[m[Kâ€™
  379 |     auto message = std_msgs::msg::Bool_([01;36m[K)[m[K;
      |                                         [01;36m[K^[m[K
In file included from [01m[K/opt/ros/humble/include/std_msgs/std_msgs/msg/bool.hpp:7[m[K,
                 from [01m[K/home/rospc/robot_mobile_ihm/src/robot_mobile_pkg_cpp/src/./../include/mainwindow.hpp:17[m[K,
                 from [01m[K/home/rospc/robot_mobile_ihm/src/robot_mobile_pkg_cpp/src/mainwindow.cpp:1[m[K:
[01m[K/opt/ros/humble/include/std_msgs/std_msgs/msg/detail/bool__struct.hpp:32:8:[m[K [01;36m[Knote: [m[Kcandidate: â€˜[01m[Ktemplate<class ContainerAllocator> Bool_(std_msgs::msg::Bool_<ContainerAllocator>)-> std_msgs::msg::Bool_<ContainerAllocator>[m[Kâ€™
   32 | struct [01;36m[KBool_[m[K
      |        [01;36m[K^~~~~[m[K
[01m[K/opt/ros/humble/include/std_msgs/std_msgs/msg/detail/bool__struct.hpp:32:8:[m[K [01;36m[Knote: [m[K  template argument deduction/substitution failed:
[01m[K/home/rospc/robot_mobile_ihm/src/robot_mobile_pkg_cpp/src/mainwindow.cpp:379:41:[m[K [01;36m[Knote: [m[K  candidate expects 1 argument, 0 provided
  379 |     auto message = std_msgs::msg::Bool_([01;36m[K)[m[K;
      |                                         [01;36m[K^[m[K
In file included from [01m[K/opt/ros/humble/include/rclcpp/rclcpp/logging.hpp:24[m[K,
                 from [01m[K/opt/ros/humble/include/rclcpp/rclcpp/client.hpp:40[m[K,
                 from [01m[K/opt/ros/humble/include/rclcpp/rclcpp/callback_group.hpp:24[m[K,
                 from [01m[K/opt/ros/humble/include/rclcpp/rclcpp/any_executable.hpp:20[m[K,
                 from [01m[K/opt/ros/humble/include/rclcpp/rclcpp/memory_strategy.hpp:25[m[K,
                 from [01m[K/opt/ros/humble/include/rclcpp/rclcpp/memory_strategies.hpp:18[m[K,
                 from [01m[K/opt/ros/humble/include/rclcpp/rclcpp/executor_options.hpp:20[m[K,
                 from [01m[K/opt/ros/humble/include/rclcpp/rclcpp/executor.hpp:37[m[K,
                 from [01m[K/opt/ros/humble/include/rclcpp/rclcpp/executors/multi_threaded_executor.hpp:25[m[K,
                 from [01m[K/opt/ros/humble/include/rclcpp/rclcpp/executors.hpp:21[m[K,
                 from [01m[K/opt/ros/humble/include/rclcpp/rclcpp/rclcpp.hpp:155[m[K,
                 from [01m[K/home/rospc/robot_mobile_ihm/src/robot_mobile_pkg_cpp/src/./../include/mainwindow.hpp:14[m[K,
                 from [01m[K/home/rospc/robot_mobile_ihm/src/robot_mobile_pkg_cpp/src/mainwindow.cpp:1[m[K:
[01m[K/home/rospc/robot_mobile_ihm/src/robot_mobile_pkg_cpp/src/mainwindow.cpp:381:56:[m[K [01;31m[Kerror: [m[Kmissing template arguments after â€˜[01m[Kbool_constant<...auto...>[m[Kâ€™
  381 |    RCLCPP_INFO(node->get_logger(), "Publishing: %s", ([01;31m[Kstd[m[K::bool_constant)message.data ? "On" : "OFF");
      |                                                       [01;31m[K^~~[m[K

In file included from [01m[K/usr/include/x86_64-linux-gnu/qt5/QtCore/qglobal.h:45[m[K,
                 from [01m[K/usr/include/x86_64-linux-gnu/qt5/QtCore/qatomic.h:41[m[K,
                 from [01m[K/usr/include/x86_64-linux-gnu/qt5/QtCore/qvariant.h:43[m[K,
                 from [01m[K/usr/include/x86_64-linux-gnu/qt5/QtCore/QVariant:1[m[K,
                 from [01m[K/home/rospc/robot_mobile_ihm/build/robot_mobile_pkg_cpp/my_node_ihm_autogen/include/./ui_mainwindow.h:12[m[K,
                 from [01m[K/home/rospc/robot_mobile_ihm/src/robot_mobile_pkg_cpp/src/./../include/mainwindow.hpp:3[m[K,
                 from [01m[K/home/rospc/robot_mobile_ihm/src/robot_mobile_pkg_cpp/src/mainwindow.cpp:1[m[K:
[01m[K/usr/include/c++/11/type_traits:99:11:[m[K [01;36m[Knote: [m[Kâ€˜[01m[Ktemplate<bool __v> using bool_constant = std::integral_constant<bool, __v>[m[Kâ€™ declared here
   99 |     using [01;36m[Kbool_constant[m[K = integral_constant<bool, __v>;
      |           [01;36m[K^~~~~~~~~~~~~[m[K
gmake[2]: *** [CMakeFiles/my_node_ihm.dir/build.make:104 : CMakeFiles/my_node_ihm.dir/src/mainwindow.cpp.o] Erreur 1
gmake[1]: *** [CMakeFiles/Makefile2:138 : CMakeFiles/my_node_ihm.dir/all] Erreur 2
gmake: *** [Makefile:146 : all] Erreur 2
