[0.131s] Invoking command in '/home/rospc/robot_mobile_ihm/build/robot_mobile_pkg_cpp': CMAKE_PREFIX_PATH=${CMAKE_PREFIX_PATH}:/opt/ros/humble /usr/bin/cmake --build /home/rospc/robot_mobile_ihm/build/robot_mobile_pkg_cpp -- -j8 -l8
[0.180s] [ 20%] [34m[1mAutomatic MOC and UIC for target my_node_ihm[0m
[0.201s] [ 20%] Built target my_node_ihm_autogen
[0.216s] [35m[1mConsolidate compiler generated dependencies of target my_node_ihm[0m
[0.243s] [ 40%] [32mBuilding CXX object CMakeFiles/my_node_ihm.dir/src/mainwindow.cpp.o[0m
[3.876s] [01m[K/home/rospc/robot_mobile_ihm/src/robot_mobile_pkg_cpp/src/mainwindow.cpp:[m[K In constructor â€˜[01m[KMainWindow::MainWindow(QWidget*)[m[Kâ€™:
[3.876s] [01m[K/home/rospc/robot_mobile_ihm/src/robot_mobile_pkg_cpp/src/mainwindow.cpp:87:1:[m[K [01;31m[Kerror: [m[Kâ€˜[01m[KUInt8[m[Kâ€™ was not declared in this scope
[3.876s]    87 | [01;31m[KUInt8[m[K
[3.876s]       | [01;31m[K^~~~~[m[K
[6.894s] gmake[2]: *** [CMakeFiles/my_node_ihm.dir/build.make:104 : CMakeFiles/my_node_ihm.dir/src/mainwindow.cpp.o] Erreur 1
[6.894s] gmake[1]: *** [CMakeFiles/Makefile2:138 : CMakeFiles/my_node_ihm.dir/all] Erreur 2
[6.894s] gmake: *** [Makefile:146 : all] Erreur 2
[6.896s] Invoked command in '/home/rospc/robot_mobile_ihm/build/robot_mobile_pkg_cpp' returned '2': CMAKE_PREFIX_PATH=${CMAKE_PREFIX_PATH}:/opt/ros/humble /usr/bin/cmake --build /home/rospc/robot_mobile_ihm/build/robot_mobile_pkg_cpp -- -j8 -l8
