[01m[K/home/dony/ROS_ROBOT_PROJECT/robot_mobile_ihm/src/robot_mobile_pkg_cpp/src/mainwindow.cpp:9:34:[m[K [01;31m[Kerror: [m[Kâ€˜[01m[KChar[m[Kâ€™ is not a member of â€˜[01m[Kstd_msgs::msg[m[Kâ€™
    9 | rclcpp::Publisher<std_msgs::msg::[01;31m[KChar[m[K>::SharedPtr publisher_dir;
      |                                  [01;31m[K^~~~[m[K
[01m[K/home/dony/ROS_ROBOT_PROJECT/robot_mobile_ihm/src/robot_mobile_pkg_cpp/src/mainwindow.cpp:9:38:[m[K [01;31m[Kerror: [m[Ktemplate argument 1 is invalid
    9 | rclcpp::Publisher<std_msgs::msg::Char[01;31m[K>[m[K::SharedPtr publisher_dir;
      |                                      [01;31m[K^[m[K
[01m[K/home/dony/ROS_ROBOT_PROJECT/robot_mobile_ihm/src/robot_mobile_pkg_cpp/src/mainwindow.cpp:9:51:[m[K [01;31m[Kerror: [m[Kexpected initializer before â€˜[01m[Kpublisher_dir[m[Kâ€™
    9 | rclcpp::Publisher<std_msgs::msg::Char>::SharedPtr [01;31m[Kpublisher_dir[m[K;
      |                                                   [01;31m[K^~~~~~~~~~~~~[m[K
[01m[K/home/dony/ROS_ROBOT_PROJECT/robot_mobile_ihm/src/robot_mobile_pkg_cpp/src/mainwindow.cpp:[m[K In constructor â€˜[01m[KMainWindow::MainWindow(QWidget*)[m[Kâ€™:
[01m[K/home/dony/ROS_ROBOT_PROJECT/robot_mobile_ihm/src/robot_mobile_pkg_cpp/src/mainwindow.cpp:33:5:[m[K [01;31m[Kerror: [m[Kâ€˜[01m[Kpublisher_dir[m[Kâ€™ was not declared in this scope; did you mean â€˜[01m[Kpublisher_[m[Kâ€™?
   33 |     [01;31m[Kpublisher_dir[m[K = node->create_publisher<std_msgs::msg::Char>("direction", 10);
      |     [01;31m[K^~~~~~~~~~~~~[m[K
      |     [32m[Kpublisher_[m[K
[01m[K/home/dony/ROS_ROBOT_PROJECT/robot_mobile_ihm/src/robot_mobile_pkg_cpp/src/mainwindow.cpp:33:59:[m[K [01;31m[Kerror: [m[Kâ€˜[01m[KChar[m[Kâ€™ is not a member of â€˜[01m[Kstd_msgs::msg[m[Kâ€™
   33 |   publisher_dir = node->create_publisher<std_msgs::msg::[01;31m[KChar[m[K>("direction", 10);
      |                                                         [01;31m[K^~~~[m[K

[01m[K/home/dony/ROS_ROBOT_PROJECT/robot_mobile_ihm/src/robot_mobile_pkg_cpp/src/mainwindow.cpp:33:64:[m[K [01;31m[Kerror: [m[Kno matching function for call to â€˜[01m[Krclcpp::Node::create_publisher<<expression error> >(const char [10], int)[m[Kâ€™
   33 | lisher_dir = [01;31m[Knode->create_publisher<std_msgs::msg::Char>("direction", 10)[m[K;
      |              [01;31m[K~~~~~~~~~~~~~~~~~~~~~~~~~~~~~~~~~~~~~~~~~~~^~~~~~~~~~~~~~~~~[m[K

In file included from [01m[K/opt/ros/humble/include/rclcpp/rclcpp/executors/single_threaded_executor.hpp:28[m[K,
                 from [01m[K/opt/ros/humble/include/rclcpp/rclcpp/executors.hpp:22[m[K,
                 from [01m[K/opt/ros/humble/include/rclcpp/rclcpp/rclcpp.hpp:155[m[K,
                 from [01m[K/home/dony/ROS_ROBOT_PROJECT/robot_mobile_ihm/src/robot_mobile_pkg_cpp/src/./../include/mainwindow.hpp:11[m[K,
                 from [01m[K/home/dony/ROS_ROBOT_PROJECT/robot_mobile_ihm/src/robot_mobile_pkg_cpp/src/mainwindow.cpp:1[m[K:
[01m[K/opt/ros/humble/include/rclcpp/rclcpp/node.hpp:195:3:[m[K [01;36m[Knote: [m[Kcandidate: â€˜[01m[Ktemplate<class MessageT, class AllocatorT, class PublisherT> std::shared_ptr<PublisherT> rclcpp::Node::create_publisher(const string&, const rclcpp::QoS&, const rclcpp::PublisherOptionsWithAllocator<AllocatorT>&)[m[Kâ€™
  195 |   [01;36m[Kcreate_publisher[m[K(
      |   [01;36m[K^~~~~~~~~~~~~~~~[m[K
[01m[K/opt/ros/humble/include/rclcpp/rclcpp/node.hpp:195:3:[m[K [01;36m[Knote: [m[K  template argument deduction/substitution failed:
[01m[K/home/dony/ROS_ROBOT_PROJECT/robot_mobile_ihm/src/robot_mobile_pkg_cpp/src/mainwindow.cpp:33:64:[m[K [01;31m[Kerror: [m[Ktemplate argument 1 is invalid
   33 | lisher_dir = [01;31m[Knode->create_publisher<std_msgs::msg::Char>("direction", 10)[m[K;
      |              [01;31m[K~~~~~~~~~~~~~~~~~~~~~~~~~~~~~~~~~~~~~~~~~~~^~~~~~~~~~~~~~~~~[m[K

In file included from [01m[K/opt/ros/humble/include/rclcpp/rclcpp/client.hpp:40[m[K,
                 from [01m[K/opt/ros/humble/include/rclcpp/rclcpp/callback_group.hpp:24[m[K,
                 from [01m[K/opt/ros/humble/include/rclcpp/rclcpp/any_executable.hpp:20[m[K,
                 from [01m[K/opt/ros/humble/include/rclcpp/rclcpp/memory_strategy.hpp:25[m[K,
                 from [01m[K/opt/ros/humble/include/rclcpp/rclcpp/memory_strategies.hpp:18[m[K,
                 from [01m[K/opt/ros/humble/include/rclcpp/rclcpp/executor_options.hpp:20[m[K,
                 from [01m[K/opt/ros/humble/include/rclcpp/rclcpp/executor.hpp:37[m[K,
                 from [01m[K/opt/ros/humble/include/rclcpp/rclcpp/executors/multi_threaded_executor.hpp:25[m[K,
                 from [01m[K/opt/ros/humble/include/rclcpp/rclcpp/executors.hpp:21[m[K,
                 from [01m[K/opt/ros/humble/include/rclcpp/rclcpp/rclcpp.hpp:155[m[K,
                 from [01m[K/home/dony/ROS_ROBOT_PROJECT/robot_mobile_ihm/src/robot_mobile_pkg_cpp/src/./../include/mainwindow.hpp:11[m[K,
                 from [01m[K/home/dony/ROS_ROBOT_PROJECT/robot_mobile_ihm/src/robot_mobile_pkg_cpp/src/mainwindow.cpp:1[m[K:
[01m[K/home/dony/ROS_ROBOT_PROJECT/robot_mobile_ihm/src/robot_mobile_pkg_cpp/src/mainwindow.cpp:41:25:[m[K [01;31m[Kerror: [m[Kâ€˜[01m[Kclass MainWindow[m[Kâ€™ has no member named â€˜[01m[Kgetlogger[m[Kâ€™
   41 |     RCLCPP_INFO(this -> [01;31m[Kgetlogger[m[K(), "Robot Gui Started !");
      |                         [01;31m[K^~~~~~~~~[m[K
[01m[K/home/dony/ROS_ROBOT_PROJECT/robot_mobile_ihm/src/robot_mobile_pkg_cpp/src/mainwindow.cpp:41:25:[m[K [01;31m[Kerror: [m[Kâ€˜[01m[Kclass MainWindow[m[Kâ€™ has no member named â€˜[01m[Kgetlogger[m[Kâ€™
[01m[K/home/dony/ROS_ROBOT_PROJECT/robot_mobile_ihm/src/robot_mobile_pkg_cpp/src/mainwindow.cpp:41:5:[m[K [01;31m[Kerror: [m[Ktemplate argument 1 is invalid
   41 |     [01;31m[KRCLCPP_INFO[m[K(this -> getlogger(), "Robot Gui Started !");
      |     [01;31m[K^~~~~~~~~~~[m[K
[01m[K/home/dony/ROS_ROBOT_PROJECT/robot_mobile_ihm/src/robot_mobile_pkg_cpp/src/mainwindow.cpp:41:5:[m[K [01;31m[Kerror: [m[Kâ€˜[01m[K<declaration error>[m[Kâ€™ is not a template [[01;31m[K]8;;https://gcc.gnu.org/onlinedocs/gcc/Warning-Options.html#index-fpermissive-fpermissive]8;;[m[K]
   41 |     [01;31m[KRCLCPP_INFO[m[K(this -> getlogger(), "Robot Gui Started !");
      |     [01;31m[K^~~~~~~~~~~[m[K
[01m[K/home/dony/ROS_ROBOT_PROJECT/robot_mobile_ihm/src/robot_mobile_pkg_cpp/src/mainwindow.cpp:41:5:[m[K [01;31m[Kerror: [m[Ktemplate argument 1 is invalid
   41 |     [01;31m[KRCLCPP_INFO[m[K(this -> getlogger(), "Robot Gui Started !");
      |     [01;31m[K^~~~~~~~~~~[m[K
[01m[K/home/dony/ROS_ROBOT_PROJECT/robot_mobile_ihm/src/robot_mobile_pkg_cpp/src/mainwindow.cpp:41:5:[m[K [01;31m[Kerror: [m[Kâ€˜[01m[K<declaration error>[m[Kâ€™ is not a template [[01;31m[K]8;;https://gcc.gnu.org/onlinedocs/gcc/Warning-Options.html#index-fpermissive-fpermissive]8;;[m[K]
   41 |     [01;31m[KRCLCPP_INFO[m[K(this -> getlogger(), "Robot Gui Started !");
      |     [01;31m[K^~~~~~~~~~~[m[K
[01m[K/home/dony/ROS_ROBOT_PROJECT/robot_mobile_ihm/src/robot_mobile_pkg_cpp/src/mainwindow.cpp:41:5:[m[K [01;31m[Kerror: [m[Ktemplate argument 1 is invalid
   41 |     [01;31m[KRCLCPP_INFO[m[K(this -> getlogger(), "Robot Gui Started !");
      |     [01;31m[K^~~~~~~~~~~[m[K
In file included from [01m[K/opt/ros/humble/include/rclcpp/rclcpp/logging.hpp:24[m[K,
                 from [01m[K/opt/ros/humble/include/rclcpp/rclcpp/client.hpp:40[m[K,
                 from [01m[K/opt/ros/humble/include/rclcpp/rclcpp/callback_group.hpp:24[m[K,
                 from [01m[K/opt/ros/humble/include/rclcpp/rclcpp/any_executable.hpp:20[m[K,
                 from [01m[K/opt/ros/humble/include/rclcpp/rclcpp/memory_strategy.hpp:25[m[K,
                 from [01m[K/opt/ros/humble/include/rclcpp/rclcpp/memory_strategies.hpp:18[m[K,
                 from [01m[K/opt/ros/humble/include/rclcpp/rclcpp/executor_options.hpp:20[m[K,
                 from [01m[K/opt/ros/humble/include/rclcpp/rclcpp/executor.hpp:37[m[K,
                 from [01m[K/opt/ros/humble/include/rclcpp/rclcpp/executors/multi_threaded_executor.hpp:25[m[K,
                 from [01m[K/opt/ros/humble/include/rclcpp/rclcpp/executors.hpp:21[m[K,
                 from [01m[K/opt/ros/humble/include/rclcpp/rclcpp/rclcpp.hpp:155[m[K,
                 from [01m[K/home/dony/ROS_ROBOT_PROJECT/robot_mobile_ihm/src/robot_mobile_pkg_cpp/src/./../include/mainwindow.hpp:11[m[K,
                 from [01m[K/home/dony/ROS_ROBOT_PROJECT/robot_mobile_ihm/src/robot_mobile_pkg_cpp/src/mainwindow.cpp:1[m[K:
[01m[K/home/dony/ROS_ROBOT_PROJECT/robot_mobile_ihm/src/robot_mobile_pkg_cpp/src/mainwindow.cpp:41:25:[m[K [01;31m[Kerror: [m[Kâ€˜[01m[Kclass MainWindow[m[Kâ€™ has no member named â€˜[01m[Kgetlogger[m[Kâ€™
   41 |     RCLCPP_INFO(this -> [01;31m[Kgetlogger[m[K(), "Robot Gui Started !");
      |                         [01;31m[K^~~~~~~~~[m[K
[01m[K/home/dony/ROS_ROBOT_PROJECT/robot_mobile_ihm/src/robot_mobile_pkg_cpp/src/mainwindow.cpp:41:25:[m[K [01;31m[Kerror: [m[Kâ€˜[01m[Kclass MainWindow[m[Kâ€™ has no member named â€˜[01m[Kgetlogger[m[Kâ€™
   41 |     RCLCPP_INFO(this -> [01;31m[Kgetlogger[m[K(), "Robot Gui Started !");
      |                         [01;31m[K^~~~~~~~~[m[K
[01m[K/home/dony/ROS_ROBOT_PROJECT/robot_mobile_ihm/src/robot_mobile_pkg_cpp/src/mainwindow.cpp:[m[K At global scope:
[01m[K/home/dony/ROS_ROBOT_PROJECT/robot_mobile_ihm/src/robot_mobile_pkg_cpp/src/mainwindow.cpp:65:6:[m[K [01;31m[Kerror: [m[Kno declaration matches â€˜[01m[Kvoid MainWindow::on_pushButton_Up_clicked()[m[Kâ€™
   65 | void [01;31m[KMainWindow[m[K::on_pushButton_Up_clicked(){
      |      [01;31m[K^~~~~~~~~~[m[K
[01m[K/home/dony/ROS_ROBOT_PROJECT/robot_mobile_ihm/src/robot_mobile_pkg_cpp/src/mainwindow.cpp:65:6:[m[K [01;36m[Knote: [m[Kno functions named â€˜[01m[Kvoid MainWindow::on_pushButton_Up_clicked()[m[Kâ€™
In file included from [01m[K/home/dony/ROS_ROBOT_PROJECT/robot_mobile_ihm/src/robot_mobile_pkg_cpp/src/mainwindow.cpp:1[m[K:
[01m[K/home/dony/ROS_ROBOT_PROJECT/robot_mobile_ihm/src/robot_mobile_pkg_cpp/src/./../include/mainwindow.hpp:17:7:[m[K [01;36m[Knote: [m[Kâ€˜[01m[Kclass MainWindow[m[Kâ€™ defined here
   17 | class [01;36m[KMainWindow[m[K : public QMainWindow
      |       [01;36m[K^~~~~~~~~~[m[K
[01m[K/home/dony/ROS_ROBOT_PROJECT/robot_mobile_ihm/src/robot_mobile_pkg_cpp/src/mainwindow.cpp:70:6:[m[K [01;31m[Kerror: [m[Kno declaration matches â€˜[01m[Kvoid MainWindow::publishNewsUp()[m[Kâ€™
   70 | void [01;31m[KMainWindow[m[K::publishNewsUp(){
      |      [01;31m[K^~~~~~~~~~[m[K
[01m[K/home/dony/ROS_ROBOT_PROJECT/robot_mobile_ihm/src/robot_mobile_pkg_cpp/src/mainwindow.cpp:70:6:[m[K [01;36m[Knote: [m[Kno functions named â€˜[01m[Kvoid MainWindow::publishNewsUp()[m[Kâ€™
In file included from [01m[K/home/dony/ROS_ROBOT_PROJECT/robot_mobile_ihm/src/robot_mobile_pkg_cpp/src/mainwindow.cpp:1[m[K:
[01m[K/home/dony/ROS_ROBOT_PROJECT/robot_mobile_ihm/src/robot_mobile_pkg_cpp/src/./../include/mainwindow.hpp:17:7:[m[K [01;36m[Knote: [m[Kâ€˜[01m[Kclass MainWindow[m[Kâ€™ defined here
   17 | class [01;36m[KMainWindow[m[K : public QMainWindow
      |       [01;36m[K^~~~~~~~~~[m[K
gmake[2]: *** [CMakeFiles/my_node_ihm.dir/build.make:104: CMakeFiles/my_node_ihm.dir/src/mainwindow.cpp.o] Error 1
gmake[1]: *** [CMakeFiles/Makefile2:138: CMakeFiles/my_node_ihm.dir/all] Error 2
gmake: *** [Makefile:146: all] Error 2
