[0.290s] Invoking command in '/home/dony/ROS_ROBOT_PROJECT/robot_mobile_ihm/build/robot_mobile_pkg_cpp': CMAKE_PREFIX_PATH=${CMAKE_PREFIX_PATH}:/home/dony/ROS_UDEMY/ros2_ws/install/my_py_pkg:/home/dony/ROS_UDEMY/ros2_ws/install/activity_002_py:/opt/ros/humble /usr/bin/cmake --build /home/dony/ROS_ROBOT_PROJECT/robot_mobile_ihm/build/robot_mobile_pkg_cpp -- -j2 -l2
[0.545s] [ 20%] [34m[1mAutomatic MOC and UIC for target my_node_ihm[0m
[1.260s] [ 20%] Built target my_node_ihm_autogen
[1.320s] [35m[1mConsolidate compiler generated dependencies of target my_node_ihm[0m
[1.424s] [ 40%] [32mBuilding CXX object CMakeFiles/my_node_ihm.dir/my_node_ihm_autogen/mocs_compilation.cpp.o[0m
[1.433s] [ 60%] [32mBuilding CXX object CMakeFiles/my_node_ihm.dir/src/my_node.cpp.o[0m
[22.238s] [ 80%] [32mBuilding CXX object CMakeFiles/my_node_ihm.dir/src/mainwindow.cpp.o[0m
[31.124s] [01m[K/home/dony/ROS_ROBOT_PROJECT/robot_mobile_ihm/src/robot_mobile_pkg_cpp/src/mainwindow.cpp:9:34:[m[K [01;31m[Kerror: [m[Kâ€˜[01m[KChar[m[Kâ€™ is not a member of â€˜[01m[Kstd_msgs::msg[m[Kâ€™
[31.127s]     9 | rclcpp::Publisher<std_msgs::msg::[01;31m[KChar[m[K>::SharedPtr publisher_dir;
[31.128s]       |                                  [01;31m[K^~~~[m[K
[31.129s] [01m[K/home/dony/ROS_ROBOT_PROJECT/robot_mobile_ihm/src/robot_mobile_pkg_cpp/src/mainwindow.cpp:9:38:[m[K [01;31m[Kerror: [m[Ktemplate argument 1 is invalid
[31.130s]     9 | rclcpp::Publisher<std_msgs::msg::Char[01;31m[K>[m[K::SharedPtr publisher_dir;
[31.130s]       |                                      [01;31m[K^[m[K
[31.131s] [01m[K/home/dony/ROS_ROBOT_PROJECT/robot_mobile_ihm/src/robot_mobile_pkg_cpp/src/mainwindow.cpp:9:51:[m[K [01;31m[Kerror: [m[Kexpected initializer before â€˜[01m[Kpublisher_dir[m[Kâ€™
[31.131s]     9 | rclcpp::Publisher<std_msgs::msg::Char>::SharedPtr [01;31m[Kpublisher_dir[m[K;
[31.132s]       |                                                   [01;31m[K^~~~~~~~~~~~~[m[K
[31.249s] [01m[K/home/dony/ROS_ROBOT_PROJECT/robot_mobile_ihm/src/robot_mobile_pkg_cpp/src/mainwindow.cpp:[m[K In constructor â€˜[01m[KMainWindow::MainWindow(QWidget*)[m[Kâ€™:
[31.249s] [01m[K/home/dony/ROS_ROBOT_PROJECT/robot_mobile_ihm/src/robot_mobile_pkg_cpp/src/mainwindow.cpp:33:5:[m[K [01;31m[Kerror: [m[Kâ€˜[01m[Kpublisher_dir[m[Kâ€™ was not declared in this scope; did you mean â€˜[01m[Kpublisher_[m[Kâ€™?
[31.250s]    33 |     [01;31m[Kpublisher_dir[m[K = node->create_publisher<std_msgs::msg::Char>("direction", 10);
[31.250s]       |     [01;31m[K^~~~~~~~~~~~~[m[K
[31.250s]       |     [32m[Kpublisher_[m[K
[31.253s] [01m[K/home/dony/ROS_ROBOT_PROJECT/robot_mobile_ihm/src/robot_mobile_pkg_cpp/src/mainwindow.cpp:33:59:[m[K [01;31m[Kerror: [m[Kâ€˜[01m[KChar[m[Kâ€™ is not a member of â€˜[01m[Kstd_msgs::msg[m[Kâ€™
[31.254s]    33 |   publisher_dir = node->create_publisher<std_msgs::msg::[01;31m[KChar[m[K>("direction", 10);
[31.254s]       |                                                         [01;31m[K^~~~[m[K
[31.254s] 
[31.254s] [01m[K/home/dony/ROS_ROBOT_PROJECT/robot_mobile_ihm/src/robot_mobile_pkg_cpp/src/mainwindow.cpp:33:64:[m[K [01;31m[Kerror: [m[Kno matching function for call to â€˜[01m[Krclcpp::Node::create_publisher<<expression error> >(const char [10], int)[m[Kâ€™
[31.254s]    33 | lisher_dir = [01;31m[Knode->create_publisher<std_msgs::msg::Char>("direction", 10)[m[K;
[31.254s]       |              [01;31m[K~~~~~~~~~~~~~~~~~~~~~~~~~~~~~~~~~~~~~~~~~~~^~~~~~~~~~~~~~~~~[m[K
[31.255s] 
[31.255s] In file included from [01m[K/opt/ros/humble/include/rclcpp/rclcpp/executors/single_threaded_executor.hpp:28[m[K,
[31.255s]                  from [01m[K/opt/ros/humble/include/rclcpp/rclcpp/executors.hpp:22[m[K,
[31.255s]                  from [01m[K/opt/ros/humble/include/rclcpp/rclcpp/rclcpp.hpp:155[m[K,
[31.255s]                  from [01m[K/home/dony/ROS_ROBOT_PROJECT/robot_mobile_ihm/src/robot_mobile_pkg_cpp/src/./../include/mainwindow.hpp:11[m[K,
[31.256s]                  from [01m[K/home/dony/ROS_ROBOT_PROJECT/robot_mobile_ihm/src/robot_mobile_pkg_cpp/src/mainwindow.cpp:1[m[K:
[31.256s] [01m[K/opt/ros/humble/include/rclcpp/rclcpp/node.hpp:195:3:[m[K [01;36m[Knote: [m[Kcandidate: â€˜[01m[Ktemplate<class MessageT, class AllocatorT, class PublisherT> std::shared_ptr<PublisherT> rclcpp::Node::create_publisher(const string&, const rclcpp::QoS&, const rclcpp::PublisherOptionsWithAllocator<AllocatorT>&)[m[Kâ€™
[31.256s]   195 |   [01;36m[Kcreate_publisher[m[K(
[31.256s]       |   [01;36m[K^~~~~~~~~~~~~~~~[m[K
[31.256s] [01m[K/opt/ros/humble/include/rclcpp/rclcpp/node.hpp:195:3:[m[K [01;36m[Knote: [m[K  template argument deduction/substitution failed:
[31.256s] [01m[K/home/dony/ROS_ROBOT_PROJECT/robot_mobile_ihm/src/robot_mobile_pkg_cpp/src/mainwindow.cpp:33:64:[m[K [01;31m[Kerror: [m[Ktemplate argument 1 is invalid
[31.257s]    33 | lisher_dir = [01;31m[Knode->create_publisher<std_msgs::msg::Char>("direction", 10)[m[K;
[31.257s]       |              [01;31m[K~~~~~~~~~~~~~~~~~~~~~~~~~~~~~~~~~~~~~~~~~~~^~~~~~~~~~~~~~~~~[m[K
[31.257s] 
[31.278s] In file included from [01m[K/opt/ros/humble/include/rclcpp/rclcpp/client.hpp:40[m[K,
[31.278s]                  from [01m[K/opt/ros/humble/include/rclcpp/rclcpp/callback_group.hpp:24[m[K,
[31.279s]                  from [01m[K/opt/ros/humble/include/rclcpp/rclcpp/any_executable.hpp:20[m[K,
[31.279s]                  from [01m[K/opt/ros/humble/include/rclcpp/rclcpp/memory_strategy.hpp:25[m[K,
[31.279s]                  from [01m[K/opt/ros/humble/include/rclcpp/rclcpp/memory_strategies.hpp:18[m[K,
[31.279s]                  from [01m[K/opt/ros/humble/include/rclcpp/rclcpp/executor_options.hpp:20[m[K,
[31.279s]                  from [01m[K/opt/ros/humble/include/rclcpp/rclcpp/executor.hpp:37[m[K,
[31.280s]                  from [01m[K/opt/ros/humble/include/rclcpp/rclcpp/executors/multi_threaded_executor.hpp:25[m[K,
[31.280s]                  from [01m[K/opt/ros/humble/include/rclcpp/rclcpp/executors.hpp:21[m[K,
[31.280s]                  from [01m[K/opt/ros/humble/include/rclcpp/rclcpp/rclcpp.hpp:155[m[K,
[31.280s]                  from [01m[K/home/dony/ROS_ROBOT_PROJECT/robot_mobile_ihm/src/robot_mobile_pkg_cpp/src/./../include/mainwindow.hpp:11[m[K,
[31.280s]                  from [01m[K/home/dony/ROS_ROBOT_PROJECT/robot_mobile_ihm/src/robot_mobile_pkg_cpp/src/mainwindow.cpp:1[m[K:
[31.282s] [01m[K/home/dony/ROS_ROBOT_PROJECT/robot_mobile_ihm/src/robot_mobile_pkg_cpp/src/mainwindow.cpp:41:25:[m[K [01;31m[Kerror: [m[Kâ€˜[01m[Kclass MainWindow[m[Kâ€™ has no member named â€˜[01m[Kgetlogger[m[Kâ€™
[31.282s]    41 |     RCLCPP_INFO(this -> [01;31m[Kgetlogger[m[K(), "Robot Gui Started !");
[31.282s]       |                         [01;31m[K^~~~~~~~~[m[K
[31.283s] [01m[K/home/dony/ROS_ROBOT_PROJECT/robot_mobile_ihm/src/robot_mobile_pkg_cpp/src/mainwindow.cpp:41:25:[m[K [01;31m[Kerror: [m[Kâ€˜[01m[Kclass MainWindow[m[Kâ€™ has no member named â€˜[01m[Kgetlogger[m[Kâ€™
[31.283s] [01m[K/home/dony/ROS_ROBOT_PROJECT/robot_mobile_ihm/src/robot_mobile_pkg_cpp/src/mainwindow.cpp:41:5:[m[K [01;31m[Kerror: [m[Ktemplate argument 1 is invalid
[31.284s]    41 |     [01;31m[KRCLCPP_INFO[m[K(this -> getlogger(), "Robot Gui Started !");
[31.284s]       |     [01;31m[K^~~~~~~~~~~[m[K
[31.285s] [01m[K/home/dony/ROS_ROBOT_PROJECT/robot_mobile_ihm/src/robot_mobile_pkg_cpp/src/mainwindow.cpp:41:5:[m[K [01;31m[Kerror: [m[Kâ€˜[01m[K<declaration error>[m[Kâ€™ is not a template [[01;31m[K]8;;https://gcc.gnu.org/onlinedocs/gcc/Warning-Options.html#index-fpermissive-fpermissive]8;;[m[K]
[31.285s]    41 |     [01;31m[KRCLCPP_INFO[m[K(this -> getlogger(), "Robot Gui Started !");
[31.286s]       |     [01;31m[K^~~~~~~~~~~[m[K
[31.286s] [01m[K/home/dony/ROS_ROBOT_PROJECT/robot_mobile_ihm/src/robot_mobile_pkg_cpp/src/mainwindow.cpp:41:5:[m[K [01;31m[Kerror: [m[Ktemplate argument 1 is invalid
[31.287s]    41 |     [01;31m[KRCLCPP_INFO[m[K(this -> getlogger(), "Robot Gui Started !");
[31.287s]       |     [01;31m[K^~~~~~~~~~~[m[K
[31.289s] [01m[K/home/dony/ROS_ROBOT_PROJECT/robot_mobile_ihm/src/robot_mobile_pkg_cpp/src/mainwindow.cpp:41:5:[m[K [01;31m[Kerror: [m[Kâ€˜[01m[K<declaration error>[m[Kâ€™ is not a template [[01;31m[K]8;;https://gcc.gnu.org/onlinedocs/gcc/Warning-Options.html#index-fpermissive-fpermissive]8;;[m[K]
[31.289s]    41 |     [01;31m[KRCLCPP_INFO[m[K(this -> getlogger(), "Robot Gui Started !");
[31.290s]       |     [01;31m[K^~~~~~~~~~~[m[K
[31.290s] [01m[K/home/dony/ROS_ROBOT_PROJECT/robot_mobile_ihm/src/robot_mobile_pkg_cpp/src/mainwindow.cpp:41:5:[m[K [01;31m[Kerror: [m[Ktemplate argument 1 is invalid
[31.291s]    41 |     [01;31m[KRCLCPP_INFO[m[K(this -> getlogger(), "Robot Gui Started !");
[31.291s]       |     [01;31m[K^~~~~~~~~~~[m[K
[31.300s] In file included from [01m[K/opt/ros/humble/include/rclcpp/rclcpp/logging.hpp:24[m[K,
[31.301s]                  from [01m[K/opt/ros/humble/include/rclcpp/rclcpp/client.hpp:40[m[K,
[31.301s]                  from [01m[K/opt/ros/humble/include/rclcpp/rclcpp/callback_group.hpp:24[m[K,
[31.301s]                  from [01m[K/opt/ros/humble/include/rclcpp/rclcpp/any_executable.hpp:20[m[K,
[31.301s]                  from [01m[K/opt/ros/humble/include/rclcpp/rclcpp/memory_strategy.hpp:25[m[K,
[31.301s]                  from [01m[K/opt/ros/humble/include/rclcpp/rclcpp/memory_strategies.hpp:18[m[K,
[31.301s]                  from [01m[K/opt/ros/humble/include/rclcpp/rclcpp/executor_options.hpp:20[m[K,
[31.302s]                  from [01m[K/opt/ros/humble/include/rclcpp/rclcpp/executor.hpp:37[m[K,
[31.302s]                  from [01m[K/opt/ros/humble/include/rclcpp/rclcpp/executors/multi_threaded_executor.hpp:25[m[K,
[31.302s]                  from [01m[K/opt/ros/humble/include/rclcpp/rclcpp/executors.hpp:21[m[K,
[31.302s]                  from [01m[K/opt/ros/humble/include/rclcpp/rclcpp/rclcpp.hpp:155[m[K,
[31.302s]                  from [01m[K/home/dony/ROS_ROBOT_PROJECT/robot_mobile_ihm/src/robot_mobile_pkg_cpp/src/./../include/mainwindow.hpp:11[m[K,
[31.302s]                  from [01m[K/home/dony/ROS_ROBOT_PROJECT/robot_mobile_ihm/src/robot_mobile_pkg_cpp/src/mainwindow.cpp:1[m[K:
[31.303s] [01m[K/home/dony/ROS_ROBOT_PROJECT/robot_mobile_ihm/src/robot_mobile_pkg_cpp/src/mainwindow.cpp:41:25:[m[K [01;31m[Kerror: [m[Kâ€˜[01m[Kclass MainWindow[m[Kâ€™ has no member named â€˜[01m[Kgetlogger[m[Kâ€™
[31.303s]    41 |     RCLCPP_INFO(this -> [01;31m[Kgetlogger[m[K(), "Robot Gui Started !");
[31.303s]       |                         [01;31m[K^~~~~~~~~[m[K
[31.303s] [01m[K/home/dony/ROS_ROBOT_PROJECT/robot_mobile_ihm/src/robot_mobile_pkg_cpp/src/mainwindow.cpp:41:25:[m[K [01;31m[Kerror: [m[Kâ€˜[01m[Kclass MainWindow[m[Kâ€™ has no member named â€˜[01m[Kgetlogger[m[Kâ€™
[31.303s]    41 |     RCLCPP_INFO(this -> [01;31m[Kgetlogger[m[K(), "Robot Gui Started !");
[31.304s]       |                         [01;31m[K^~~~~~~~~[m[K
[31.311s] [01m[K/home/dony/ROS_ROBOT_PROJECT/robot_mobile_ihm/src/robot_mobile_pkg_cpp/src/mainwindow.cpp:[m[K At global scope:
[31.312s] [01m[K/home/dony/ROS_ROBOT_PROJECT/robot_mobile_ihm/src/robot_mobile_pkg_cpp/src/mainwindow.cpp:65:6:[m[K [01;31m[Kerror: [m[Kno declaration matches â€˜[01m[Kvoid MainWindow::on_pushButton_Up_clicked()[m[Kâ€™
[31.312s]    65 | void [01;31m[KMainWindow[m[K::on_pushButton_Up_clicked(){
[31.312s]       |      [01;31m[K^~~~~~~~~~[m[K
[31.312s] [01m[K/home/dony/ROS_ROBOT_PROJECT/robot_mobile_ihm/src/robot_mobile_pkg_cpp/src/mainwindow.cpp:65:6:[m[K [01;36m[Knote: [m[Kno functions named â€˜[01m[Kvoid MainWindow::on_pushButton_Up_clicked()[m[Kâ€™
[31.313s] In file included from [01m[K/home/dony/ROS_ROBOT_PROJECT/robot_mobile_ihm/src/robot_mobile_pkg_cpp/src/mainwindow.cpp:1[m[K:
[31.313s] [01m[K/home/dony/ROS_ROBOT_PROJECT/robot_mobile_ihm/src/robot_mobile_pkg_cpp/src/./../include/mainwindow.hpp:17:7:[m[K [01;36m[Knote: [m[Kâ€˜[01m[Kclass MainWindow[m[Kâ€™ defined here
[31.313s]    17 | class [01;36m[KMainWindow[m[K : public QMainWindow
[31.313s]       |       [01;36m[K^~~~~~~~~~[m[K
[31.314s] [01m[K/home/dony/ROS_ROBOT_PROJECT/robot_mobile_ihm/src/robot_mobile_pkg_cpp/src/mainwindow.cpp:70:6:[m[K [01;31m[Kerror: [m[Kno declaration matches â€˜[01m[Kvoid MainWindow::publishNewsUp()[m[Kâ€™
[31.314s]    70 | void [01;31m[KMainWindow[m[K::publishNewsUp(){
[31.314s]       |      [01;31m[K^~~~~~~~~~[m[K
[31.314s] [01m[K/home/dony/ROS_ROBOT_PROJECT/robot_mobile_ihm/src/robot_mobile_pkg_cpp/src/mainwindow.cpp:70:6:[m[K [01;36m[Knote: [m[Kno functions named â€˜[01m[Kvoid MainWindow::publishNewsUp()[m[Kâ€™
[31.315s] In file included from [01m[K/home/dony/ROS_ROBOT_PROJECT/robot_mobile_ihm/src/robot_mobile_pkg_cpp/src/mainwindow.cpp:1[m[K:
[31.315s] [01m[K/home/dony/ROS_ROBOT_PROJECT/robot_mobile_ihm/src/robot_mobile_pkg_cpp/src/./../include/mainwindow.hpp:17:7:[m[K [01;36m[Knote: [m[Kâ€˜[01m[Kclass MainWindow[m[Kâ€™ defined here
[31.315s]    17 | class [01;36m[KMainWindow[m[K : public QMainWindow
[31.315s]       |       [01;36m[K^~~~~~~~~~[m[K
[38.544s] gmake[2]: *** [CMakeFiles/my_node_ihm.dir/build.make:104: CMakeFiles/my_node_ihm.dir/src/mainwindow.cpp.o] Error 1
[38.545s] gmake[1]: *** [CMakeFiles/Makefile2:138: CMakeFiles/my_node_ihm.dir/all] Error 2
[38.546s] gmake: *** [Makefile:146: all] Error 2
[38.680s] Invoked command in '/home/dony/ROS_ROBOT_PROJECT/robot_mobile_ihm/build/robot_mobile_pkg_cpp' returned '2': CMAKE_PREFIX_PATH=${CMAKE_PREFIX_PATH}:/home/dony/ROS_UDEMY/ros2_ws/install/my_py_pkg:/home/dony/ROS_UDEMY/ros2_ws/install/activity_002_py:/opt/ros/humble /usr/bin/cmake --build /home/dony/ROS_ROBOT_PROJECT/robot_mobile_ihm/build/robot_mobile_pkg_cpp -- -j2 -l2
