[0.239s] Invoking command in '/home/dony/ROS_ROBOT_PROJECT/robot_mobile_ihm/build/robot_mobile_pkg_cpp': CMAKE_PREFIX_PATH=${CMAKE_PREFIX_PATH}:/home/dony/ROS_UDEMY/ros2_ws/install/my_py_pkg:/home/dony/ROS_UDEMY/ros2_ws/install/activity_002_py:/opt/ros/humble /usr/bin/cmake --build /home/dony/ROS_ROBOT_PROJECT/robot_mobile_ihm/build/robot_mobile_pkg_cpp -- -j2 -l2
[0.342s] [ 20%] [34m[1mAutomatic MOC and UIC for target my_node_ihm[0m
[0.395s] [ 20%] Built target my_node_ihm_autogen
[0.460s] [35m[1mConsolidate compiler generated dependencies of target my_node_ihm[0m
[0.541s] [ 40%] [32mBuilding CXX object CMakeFiles/my_node_ihm.dir/src/mainwindow.cpp.o[0m
[9.478s] In file included from [01m[K/opt/ros/humble/include/rclcpp/rclcpp/client.hpp:40[m[K,
[9.479s]                  from [01m[K/opt/ros/humble/include/rclcpp/rclcpp/callback_group.hpp:24[m[K,
[9.480s]                  from [01m[K/opt/ros/humble/include/rclcpp/rclcpp/any_executable.hpp:20[m[K,
[9.481s]                  from [01m[K/opt/ros/humble/include/rclcpp/rclcpp/memory_strategy.hpp:25[m[K,
[9.481s]                  from [01m[K/opt/ros/humble/include/rclcpp/rclcpp/memory_strategies.hpp:18[m[K,
[9.481s]                  from [01m[K/opt/ros/humble/include/rclcpp/rclcpp/executor_options.hpp:20[m[K,
[9.481s]                  from [01m[K/opt/ros/humble/include/rclcpp/rclcpp/executor.hpp:37[m[K,
[9.481s]                  from [01m[K/opt/ros/humble/include/rclcpp/rclcpp/executors/multi_threaded_executor.hpp:25[m[K,
[9.482s]                  from [01m[K/opt/ros/humble/include/rclcpp/rclcpp/executors.hpp:21[m[K,
[9.482s]                  from [01m[K/opt/ros/humble/include/rclcpp/rclcpp/rclcpp.hpp:155[m[K,
[9.482s]                  from [01m[K/home/dony/ROS_ROBOT_PROJECT/robot_mobile_ihm/src/robot_mobile_pkg_cpp/src/./../include/mainwindow.hpp:11[m[K,
[9.487s]                  from [01m[K/home/dony/ROS_ROBOT_PROJECT/robot_mobile_ihm/src/robot_mobile_pkg_cpp/src/mainwindow.cpp:1[m[K:
[9.488s] [01m[K/home/dony/ROS_ROBOT_PROJECT/robot_mobile_ihm/src/robot_mobile_pkg_cpp/src/mainwindow.cpp:[m[K In constructor â€˜[01m[KMainWindow::MainWindow(QWidget*)[m[Kâ€™:
[9.488s] [01m[K/home/dony/ROS_ROBOT_PROJECT/robot_mobile_ihm/src/robot_mobile_pkg_cpp/src/mainwindow.cpp:41:25:[m[K [01;31m[Kerror: [m[Kâ€˜[01m[Kclass MainWindow[m[Kâ€™ has no member named â€˜[01m[Kgetlogger[m[Kâ€™
[9.489s]    41 |     RCLCPP_INFO(this -> [01;31m[Kgetlogger[m[K(), "Robot Gui Started !");
[9.489s]       |                         [01;31m[K^~~~~~~~~[m[K
[9.489s] [01m[K/home/dony/ROS_ROBOT_PROJECT/robot_mobile_ihm/src/robot_mobile_pkg_cpp/src/mainwindow.cpp:41:25:[m[K [01;31m[Kerror: [m[Kâ€˜[01m[Kclass MainWindow[m[Kâ€™ has no member named â€˜[01m[Kgetlogger[m[Kâ€™
[9.489s] [01m[K/home/dony/ROS_ROBOT_PROJECT/robot_mobile_ihm/src/robot_mobile_pkg_cpp/src/mainwindow.cpp:41:5:[m[K [01;31m[Kerror: [m[Ktemplate argument 1 is invalid
[9.489s]    41 |     [01;31m[KRCLCPP_INFO[m[K(this -> getlogger(), "Robot Gui Started !");
[9.489s]       |     [01;31m[K^~~~~~~~~~~[m[K
[9.490s] [01m[K/home/dony/ROS_ROBOT_PROJECT/robot_mobile_ihm/src/robot_mobile_pkg_cpp/src/mainwindow.cpp:41:5:[m[K [01;31m[Kerror: [m[Kâ€˜[01m[K<declaration error>[m[Kâ€™ is not a template [[01;31m[K]8;;https://gcc.gnu.org/onlinedocs/gcc/Warning-Options.html#index-fpermissive-fpermissive]8;;[m[K]
[9.490s]    41 |     [01;31m[KRCLCPP_INFO[m[K(this -> getlogger(), "Robot Gui Started !");
[9.490s]       |     [01;31m[K^~~~~~~~~~~[m[K
[9.490s] [01m[K/home/dony/ROS_ROBOT_PROJECT/robot_mobile_ihm/src/robot_mobile_pkg_cpp/src/mainwindow.cpp:41:5:[m[K [01;31m[Kerror: [m[Ktemplate argument 1 is invalid
[9.490s]    41 |     [01;31m[KRCLCPP_INFO[m[K(this -> getlogger(), "Robot Gui Started !");
[9.490s]       |     [01;31m[K^~~~~~~~~~~[m[K
[9.491s] [01m[K/home/dony/ROS_ROBOT_PROJECT/robot_mobile_ihm/src/robot_mobile_pkg_cpp/src/mainwindow.cpp:41:5:[m[K [01;31m[Kerror: [m[Kâ€˜[01m[K<declaration error>[m[Kâ€™ is not a template [[01;31m[K]8;;https://gcc.gnu.org/onlinedocs/gcc/Warning-Options.html#index-fpermissive-fpermissive]8;;[m[K]
[9.491s]    41 |     [01;31m[KRCLCPP_INFO[m[K(this -> getlogger(), "Robot Gui Started !");
[9.491s]       |     [01;31m[K^~~~~~~~~~~[m[K
[9.491s] [01m[K/home/dony/ROS_ROBOT_PROJECT/robot_mobile_ihm/src/robot_mobile_pkg_cpp/src/mainwindow.cpp:41:5:[m[K [01;31m[Kerror: [m[Ktemplate argument 1 is invalid
[9.491s]    41 |     [01;31m[KRCLCPP_INFO[m[K(this -> getlogger(), "Robot Gui Started !");
[9.491s]       |     [01;31m[K^~~~~~~~~~~[m[K
[9.492s] In file included from [01m[K/opt/ros/humble/include/rclcpp/rclcpp/logging.hpp:24[m[K,
[9.492s]                  from [01m[K/opt/ros/humble/include/rclcpp/rclcpp/client.hpp:40[m[K,
[9.492s]                  from [01m[K/opt/ros/humble/include/rclcpp/rclcpp/callback_group.hpp:24[m[K,
[9.502s]                  from [01m[K/opt/ros/humble/include/rclcpp/rclcpp/any_executable.hpp:20[m[K,
[9.502s]                  from [01m[K/opt/ros/humble/include/rclcpp/rclcpp/memory_strategy.hpp:25[m[K,
[9.502s]                  from [01m[K/opt/ros/humble/include/rclcpp/rclcpp/memory_strategies.hpp:18[m[K,
[9.502s]                  from [01m[K/opt/ros/humble/include/rclcpp/rclcpp/executor_options.hpp:20[m[K,
[9.502s]                  from [01m[K/opt/ros/humble/include/rclcpp/rclcpp/executor.hpp:37[m[K,
[9.502s]                  from [01m[K/opt/ros/humble/include/rclcpp/rclcpp/executors/multi_threaded_executor.hpp:25[m[K,
[9.503s]                  from [01m[K/opt/ros/humble/include/rclcpp/rclcpp/executors.hpp:21[m[K,
[9.503s]                  from [01m[K/opt/ros/humble/include/rclcpp/rclcpp/rclcpp.hpp:155[m[K,
[9.503s]                  from [01m[K/home/dony/ROS_ROBOT_PROJECT/robot_mobile_ihm/src/robot_mobile_pkg_cpp/src/./../include/mainwindow.hpp:11[m[K,
[9.503s]                  from [01m[K/home/dony/ROS_ROBOT_PROJECT/robot_mobile_ihm/src/robot_mobile_pkg_cpp/src/mainwindow.cpp:1[m[K:
[9.503s] [01m[K/home/dony/ROS_ROBOT_PROJECT/robot_mobile_ihm/src/robot_mobile_pkg_cpp/src/mainwindow.cpp:41:25:[m[K [01;31m[Kerror: [m[Kâ€˜[01m[Kclass MainWindow[m[Kâ€™ has no member named â€˜[01m[Kgetlogger[m[Kâ€™
[9.503s]    41 |     RCLCPP_INFO(this -> [01;31m[Kgetlogger[m[K(), "Robot Gui Started !");
[9.504s]       |                         [01;31m[K^~~~~~~~~[m[K
[9.504s] [01m[K/home/dony/ROS_ROBOT_PROJECT/robot_mobile_ihm/src/robot_mobile_pkg_cpp/src/mainwindow.cpp:41:25:[m[K [01;31m[Kerror: [m[Kâ€˜[01m[Kclass MainWindow[m[Kâ€™ has no member named â€˜[01m[Kgetlogger[m[Kâ€™
[9.504s]    41 |     RCLCPP_INFO(this -> [01;31m[Kgetlogger[m[K(), "Robot Gui Started !");
[9.512s]       |                         [01;31m[K^~~~~~~~~[m[K
[16.047s] gmake[2]: *** [CMakeFiles/my_node_ihm.dir/build.make:104: CMakeFiles/my_node_ihm.dir/src/mainwindow.cpp.o] Error 1
[16.048s] gmake[1]: *** [CMakeFiles/Makefile2:138: CMakeFiles/my_node_ihm.dir/all] Error 2
[16.049s] gmake: *** [Makefile:146: all] Error 2
[16.051s] Invoked command in '/home/dony/ROS_ROBOT_PROJECT/robot_mobile_ihm/build/robot_mobile_pkg_cpp' returned '2': CMAKE_PREFIX_PATH=${CMAKE_PREFIX_PATH}:/home/dony/ROS_UDEMY/ros2_ws/install/my_py_pkg:/home/dony/ROS_UDEMY/ros2_ws/install/activity_002_py:/opt/ros/humble /usr/bin/cmake --build /home/dony/ROS_ROBOT_PROJECT/robot_mobile_ihm/build/robot_mobile_pkg_cpp -- -j2 -l2
