[0.128s] Invoking command in '/home/rospc/robot_mobile_ihm/build/robot_mobile_pkg_cpp': CMAKE_PREFIX_PATH=${CMAKE_PREFIX_PATH}:/opt/ros/humble /usr/bin/cmake --build /home/rospc/robot_mobile_ihm/build/robot_mobile_pkg_cpp -- -j8 -l8
[0.179s] [ 20%] [34m[1mAutomatic MOC and UIC for target my_node_ihm[0m
[0.506s] [ 20%] Built target my_node_ihm_autogen
[0.523s] [35m[1mConsolidate compiler generated dependencies of target my_node_ihm[0m
[0.552s] [ 60%] [32mBuilding CXX object CMakeFiles/my_node_ihm.dir/src/my_node.cpp.o[0m
[0.552s] [ 60%] [32mBuilding CXX object CMakeFiles/my_node_ihm.dir/my_node_ihm_autogen/mocs_compilation.cpp.o[0m
[0.553s] [ 80%] [32mBuilding CXX object CMakeFiles/my_node_ihm.dir/src/mainwindow.cpp.o[0m
[4.296s] [01m[K/home/rospc/robot_mobile_ihm/src/robot_mobile_pkg_cpp/src/mainwindow.cpp:[m[K In member function â€˜[01m[Kvoid MainWindow::on_pushButton_Down_clicked()[m[Kâ€™:
[4.296s] [01m[K/home/rospc/robot_mobile_ihm/src/robot_mobile_pkg_cpp/src/mainwindow.cpp:77:5:[m[K [01;31m[Kerror: [m[Kâ€˜[01m[KpublishNewsDown[m[Kâ€™ was not declared in this scope; did you mean â€˜[01m[KpublishNewsUp[m[Kâ€™?
[4.296s]    77 |     [01;31m[KpublishNewsDown[m[K();
[4.296s]       |     [01;31m[K^~~~~~~~~~~~~~~[m[K
[4.297s]       |     [32m[KpublishNewsUp[m[K
[4.297s] [01m[K/home/rospc/robot_mobile_ihm/src/robot_mobile_pkg_cpp/src/mainwindow.cpp:[m[K At global scope:
[4.297s] [01m[K/home/rospc/robot_mobile_ihm/src/robot_mobile_pkg_cpp/src/mainwindow.cpp:80:6:[m[K [01;31m[Kerror: [m[Kno declaration matches â€˜[01m[Kvoid MainWindow::publishNewsDown()[m[Kâ€™
[4.297s]    80 | void [01;31m[KMainWindow[m[K::publishNewsDown(){
[4.297s]       |      [01;31m[K^~~~~~~~~~[m[K
[4.297s] [01m[K/home/rospc/robot_mobile_ihm/src/robot_mobile_pkg_cpp/src/mainwindow.cpp:80:6:[m[K [01;36m[Knote: [m[Kno functions named â€˜[01m[Kvoid MainWindow::publishNewsDown()[m[Kâ€™
[4.297s] In file included from [01m[K/home/rospc/robot_mobile_ihm/src/robot_mobile_pkg_cpp/src/mainwindow.cpp:1[m[K:
[4.297s] [01m[K/home/rospc/robot_mobile_ihm/src/robot_mobile_pkg_cpp/src/./../include/mainwindow.hpp:18:7:[m[K [01;36m[Knote: [m[Kâ€˜[01m[Kclass MainWindow[m[Kâ€™ defined here
[4.297s]    18 | class [01;36m[KMainWindow[m[K : public QMainWindow
[4.297s]       |       [01;36m[K^~~~~~~~~~[m[K
[4.308s] [01m[K/home/rospc/robot_mobile_ihm/src/robot_mobile_pkg_cpp/src/mainwindow.cpp:[m[K In member function â€˜[01m[Kvoid MainWindow::on_pushButton_Left_clicked()[m[Kâ€™:
[4.308s] [01m[K/home/rospc/robot_mobile_ihm/src/robot_mobile_pkg_cpp/src/mainwindow.cpp:89:5:[m[K [01;31m[Kerror: [m[Kâ€˜[01m[KpublishNewsLeft[m[Kâ€™ was not declared in this scope; did you mean â€˜[01m[KpublishNewsUp[m[Kâ€™?
[4.308s]    89 |     [01;31m[KpublishNewsLeft[m[K();
[4.308s]       |     [01;31m[K^~~~~~~~~~~~~~~[m[K
[4.308s]       |     [32m[KpublishNewsUp[m[K
[4.308s] [01m[K/home/rospc/robot_mobile_ihm/src/robot_mobile_pkg_cpp/src/mainwindow.cpp:[m[K At global scope:
[4.309s] [01m[K/home/rospc/robot_mobile_ihm/src/robot_mobile_pkg_cpp/src/mainwindow.cpp:92:6:[m[K [01;31m[Kerror: [m[Kno declaration matches â€˜[01m[Kvoid MainWindow::publishNewsLeft()[m[Kâ€™
[4.309s]    92 | void [01;31m[KMainWindow[m[K::publishNewsLeft(){
[4.309s]       |      [01;31m[K^~~~~~~~~~[m[K
[4.309s] [01m[K/home/rospc/robot_mobile_ihm/src/robot_mobile_pkg_cpp/src/mainwindow.cpp:92:6:[m[K [01;36m[Knote: [m[Kno functions named â€˜[01m[Kvoid MainWindow::publishNewsLeft()[m[Kâ€™
[4.309s] In file included from [01m[K/home/rospc/robot_mobile_ihm/src/robot_mobile_pkg_cpp/src/mainwindow.cpp:1[m[K:
[4.309s] [01m[K/home/rospc/robot_mobile_ihm/src/robot_mobile_pkg_cpp/src/./../include/mainwindow.hpp:18:7:[m[K [01;36m[Knote: [m[Kâ€˜[01m[Kclass MainWindow[m[Kâ€™ defined here
[4.309s]    18 | class [01;36m[KMainWindow[m[K : public QMainWindow
[4.309s]       |       [01;36m[K^~~~~~~~~~[m[K
[4.322s] [01m[K/home/rospc/robot_mobile_ihm/src/robot_mobile_pkg_cpp/src/mainwindow.cpp:[m[K In member function â€˜[01m[Kvoid MainWindow::on_pushButton_Right_clicked()[m[Kâ€™:
[4.322s] [01m[K/home/rospc/robot_mobile_ihm/src/robot_mobile_pkg_cpp/src/mainwindow.cpp:101:5:[m[K [01;31m[Kerror: [m[Kâ€˜[01m[KpublishNewsRight[m[Kâ€™ was not declared in this scope; did you mean â€˜[01m[KpublishNewsUp[m[Kâ€™?
[4.322s]   101 |     [01;31m[KpublishNewsRight[m[K();
[4.322s]       |     [01;31m[K^~~~~~~~~~~~~~~~[m[K
[4.322s]       |     [32m[KpublishNewsUp[m[K
[4.322s] [01m[K/home/rospc/robot_mobile_ihm/src/robot_mobile_pkg_cpp/src/mainwindow.cpp:[m[K At global scope:
[4.322s] [01m[K/home/rospc/robot_mobile_ihm/src/robot_mobile_pkg_cpp/src/mainwindow.cpp:104:6:[m[K [01;31m[Kerror: [m[Kno declaration matches â€˜[01m[Kvoid MainWindow::publishNewsRight()[m[Kâ€™
[4.322s]   104 | void [01;31m[KMainWindow[m[K::publishNewsRight(){
[4.322s]       |      [01;31m[K^~~~~~~~~~[m[K
[4.323s] [01m[K/home/rospc/robot_mobile_ihm/src/robot_mobile_pkg_cpp/src/mainwindow.cpp:104:6:[m[K [01;36m[Knote: [m[Kno functions named â€˜[01m[Kvoid MainWindow::publishNewsRight()[m[Kâ€™
[4.323s] In file included from [01m[K/home/rospc/robot_mobile_ihm/src/robot_mobile_pkg_cpp/src/mainwindow.cpp:1[m[K:
[4.323s] [01m[K/home/rospc/robot_mobile_ihm/src/robot_mobile_pkg_cpp/src/./../include/mainwindow.hpp:18:7:[m[K [01;36m[Knote: [m[Kâ€˜[01m[Kclass MainWindow[m[Kâ€™ defined here
[4.323s]    18 | class [01;36m[KMainWindow[m[K : public QMainWindow
[4.323s]       |       [01;36m[K^~~~~~~~~~[m[K
[7.191s] gmake[2]: *** [CMakeFiles/my_node_ihm.dir/build.make:104 : CMakeFiles/my_node_ihm.dir/src/mainwindow.cpp.o] Erreur 1
[7.192s] gmake[1]: *** [CMakeFiles/Makefile2:138 : CMakeFiles/my_node_ihm.dir/all] Erreur 2
[7.192s] gmake: *** [Makefile:146 : all] Erreur 2
[7.194s] Invoked command in '/home/rospc/robot_mobile_ihm/build/robot_mobile_pkg_cpp' returned '2': CMAKE_PREFIX_PATH=${CMAKE_PREFIX_PATH}:/opt/ros/humble /usr/bin/cmake --build /home/rospc/robot_mobile_ihm/build/robot_mobile_pkg_cpp -- -j8 -l8
