[0.133s] Invoking command in '/home/rospc/robot_mobile_ihm/build/robot_mobile_pkg_cpp': CMAKE_PREFIX_PATH=${CMAKE_PREFIX_PATH}:/opt/ros/humble /usr/bin/cmake --build /home/rospc/robot_mobile_ihm/build/robot_mobile_pkg_cpp -- -j8 -l8
[0.183s] [ 22%] [34m[1mAutomatic MOC and UIC for target my_img_pub_node[0m
[0.183s] [ 22%] [34m[1mAutomatic MOC and UIC for target my_node_ihm[0m
[0.202s] [ 22%] Built target my_img_pub_node_autogen
[0.205s] [ 22%] Built target my_node_ihm_autogen
[0.220s] [35m[1mConsolidate compiler generated dependencies of target my_node_ihm[0m
[0.229s] [ 55%] Built target my_img_pub_node
[0.250s] [ 66%] [32mBuilding CXX object CMakeFiles/my_node_ihm.dir/src/mainwindow.cpp.o[0m
[3.997s] [01m[K/home/rospc/robot_mobile_ihm/src/robot_mobile_pkg_cpp/src/mainwindow.cpp:[m[K In member function â€˜[01m[Kvoid MainWindow::rgb_onSliderValueChanged(int)[m[Kâ€™:
[3.998s] [01m[K/home/rospc/robot_mobile_ihm/src/robot_mobile_pkg_cpp/src/mainwindow.cpp:295:41:[m[K [01;31m[Kerror: [m[Kâ€˜[01m[Kstruct std_msgs::msg::Int8MultiArray_<std::allocator<void> >[m[Kâ€™ has no member named â€˜[01m[Ksize[m[Kâ€™
[3.998s]   295 |         for(int i = 0; i < rgb_data_low.[01;31m[Ksize[m[K; i++)
[3.998s]       |                                         [01;31m[K^~~~[m[K
[3.998s] [01m[K/home/rospc/robot_mobile_ihm/src/robot_mobile_pkg_cpp/src/mainwindow.cpp:298:41:[m[K [01;31m[Kerror: [m[Kâ€˜[01m[Kstruct std_msgs::msg::Int8MultiArray_<std::allocator<void> >[m[Kâ€™ has no member named â€˜[01m[Ksize[m[Kâ€™
[3.998s]   298 |         for(int j = 0; j <rgb_data_high.[01;31m[Ksize[m[K ; j++)
[3.998s]       |                                         [01;31m[K^~~~[m[K
[7.814s] gmake[2]: *** [CMakeFiles/my_node_ihm.dir/build.make:104 : CMakeFiles/my_node_ihm.dir/src/mainwindow.cpp.o] Erreur 1
[7.814s] gmake[1]: *** [CMakeFiles/Makefile2:167 : CMakeFiles/my_node_ihm.dir/all] Erreur 2
[7.815s] gmake: *** [Makefile:146 : all] Erreur 2
[7.817s] Invoked command in '/home/rospc/robot_mobile_ihm/build/robot_mobile_pkg_cpp' returned '2': CMAKE_PREFIX_PATH=${CMAKE_PREFIX_PATH}:/opt/ros/humble /usr/bin/cmake --build /home/rospc/robot_mobile_ihm/build/robot_mobile_pkg_cpp -- -j8 -l8
